{"C:\\codes\\EmployeeManagement\\Frontend\\employee-app\\src\\App.js": {"path":"C:\\codes\\EmployeeManagement\\Frontend\\employee-app\\src\\App.js","statementMap":{"0":{"start":{"line":8,"column":4},"end":{"line":14,"column":6}}},"fnMap":{"0":{"name":"(anonymous_0)","decl":{"start":{"line":7,"column":2},"end":{"line":7,"column":3}},"loc":{"start":{"line":7,"column":11},"end":{"line":15,"column":3}},"line":7}},"branchMap":{},"s":{"0":0},"f":{"0":0},"b":{}}
,"C:\\codes\\EmployeeManagement\\Frontend\\employee-app\\src\\components\\EmployeeComponent.jsx": {"path":"C:\\codes\\EmployeeManagement\\Frontend\\employee-app\\src\\components\\EmployeeComponent.jsx","statementMap":{"0":{"start":{"line":10,"column":8},"end":{"line":10,"column":21}},"1":{"start":{"line":11,"column":8},"end":{"line":19,"column":9}},"2":{"start":{"line":20,"column":8},"end":{"line":20,"column":49}},"3":{"start":{"line":21,"column":8},"end":{"line":21,"column":49}},"4":{"start":{"line":22,"column":8},"end":{"line":22,"column":71}},"5":{"start":{"line":26,"column":8},"end":{"line":32,"column":15}},"6":{"start":{"line":28,"column":16},"end":{"line":28,"column":62}},"7":{"start":{"line":31,"column":16},"end":{"line":31,"column":84}},"8":{"start":{"line":34,"column":8},"end":{"line":36,"column":9}},"9":{"start":{"line":35,"column":12},"end":{"line":35,"column":19}},"10":{"start":{"line":38,"column":8},"end":{"line":48,"column":15}},"11":{"start":{"line":40,"column":16},"end":{"line":45,"column":18}},"12":{"start":{"line":47,"column":16},"end":{"line":47,"column":84}},"13":{"start":{"line":53,"column":21},"end":{"line":53,"column":23}},"14":{"start":{"line":54,"column":8},"end":{"line":56,"column":9}},"15":{"start":{"line":55,"column":12},"end":{"line":55,"column":45}},"16":{"start":{"line":57,"column":8},"end":{"line":59,"column":9}},"17":{"start":{"line":58,"column":12},"end":{"line":58,"column":53}},"18":{"start":{"line":60,"column":8},"end":{"line":62,"column":9}},"19":{"start":{"line":61,"column":12},"end":{"line":61,"column":57}},"20":{"start":{"line":63,"column":8},"end":{"line":65,"column":9}},"21":{"start":{"line":64,"column":12},"end":{"line":64,"column":47}},"22":{"start":{"line":66,"column":8},"end":{"line":66,"column":22}},"23":{"start":{"line":70,"column":23},"end":{"line":81,"column":9}},"24":{"start":{"line":76,"column":55},"end":{"line":80,"column":13}},"25":{"start":{"line":82,"column":8},"end":{"line":88,"column":9}},"26":{"start":{"line":83,"column":12},"end":{"line":84,"column":121}},"27":{"start":{"line":84,"column":27},"end":{"line":84,"column":119}},"28":{"start":{"line":86,"column":12},"end":{"line":87,"column":121}},"29":{"start":{"line":87,"column":27},"end":{"line":87,"column":119}},"30":{"start":{"line":93,"column":26},"end":{"line":93,"column":38}},"31":{"start":{"line":94,"column":8},"end":{"line":100,"column":11}},"32":{"start":{"line":95,"column":77},"end":{"line":95,"column":139}},"33":{"start":{"line":95,"column":113},"end":{"line":95,"column":138}},"34":{"start":{"line":95,"column":165},"end":{"line":99,"column":13}},"35":{"start":{"line":104,"column":79},"end":{"line":104,"column":89}},"36":{"start":{"line":105,"column":8},"end":{"line":202,"column":10}},"37":{"start":{"line":119,"column":24},"end":{"line":198,"column":31}},"38":{"start":{"line":182,"column":63},"end":{"line":182,"column":107}},"39":{"start":{"line":182,"column":86},"end":{"line":182,"column":95}},"40":{"start":{"line":186,"column":36},"end":{"line":189,"column":47}},"41":{"start":{"line":187,"column":74},"end":{"line":187,"column":93}}},"fnMap":{"0":{"name":"(anonymous_0)","decl":{"start":{"line":9,"column":4},"end":{"line":9,"column":5}},"loc":{"start":{"line":9,"column":23},"end":{"line":23,"column":5}},"line":9},"1":{"name":"(anonymous_1)","decl":{"start":{"line":25,"column":4},"end":{"line":25,"column":5}},"loc":{"start":{"line":25,"column":24},"end":{"line":50,"column":5}},"line":25},"2":{"name":"(anonymous_2)","decl":{"start":{"line":27,"column":18},"end":{"line":27,"column":19}},"loc":{"start":{"line":27,"column":30},"end":{"line":29,"column":13}},"line":27},"3":{"name":"(anonymous_3)","decl":{"start":{"line":30,"column":19},"end":{"line":30,"column":20}},"loc":{"start":{"line":30,"column":28},"end":{"line":32,"column":13}},"line":30},"4":{"name":"(anonymous_4)","decl":{"start":{"line":39,"column":17},"end":{"line":39,"column":18}},"loc":{"start":{"line":40,"column":16},"end":{"line":45,"column":18}},"line":40},"5":{"name":"(anonymous_5)","decl":{"start":{"line":46,"column":19},"end":{"line":46,"column":20}},"loc":{"start":{"line":46,"column":28},"end":{"line":48,"column":13}},"line":46},"6":{"name":"(anonymous_6)","decl":{"start":{"line":52,"column":4},"end":{"line":52,"column":5}},"loc":{"start":{"line":52,"column":21},"end":{"line":67,"column":5}},"line":52},"7":{"name":"(anonymous_7)","decl":{"start":{"line":69,"column":4},"end":{"line":69,"column":5}},"loc":{"start":{"line":69,"column":21},"end":{"line":90,"column":5}},"line":69},"8":{"name":"(anonymous_8)","decl":{"start":{"line":76,"column":46},"end":{"line":76,"column":47}},"loc":{"start":{"line":76,"column":55},"end":{"line":80,"column":13}},"line":76},"9":{"name":"(anonymous_9)","decl":{"start":{"line":84,"column":21},"end":{"line":84,"column":22}},"loc":{"start":{"line":84,"column":27},"end":{"line":84,"column":119}},"line":84},"10":{"name":"(anonymous_10)","decl":{"start":{"line":87,"column":21},"end":{"line":87,"column":22}},"loc":{"start":{"line":87,"column":27},"end":{"line":87,"column":119}},"line":87},"11":{"name":"(anonymous_11)","decl":{"start":{"line":92,"column":4},"end":{"line":92,"column":5}},"loc":{"start":{"line":92,"column":31},"end":{"line":101,"column":5}},"line":92},"12":{"name":"(anonymous_12)","decl":{"start":{"line":95,"column":71},"end":{"line":95,"column":72}},"loc":{"start":{"line":95,"column":77},"end":{"line":95,"column":139}},"line":95},"13":{"name":"(anonymous_13)","decl":{"start":{"line":95,"column":105},"end":{"line":95,"column":106}},"loc":{"start":{"line":95,"column":113},"end":{"line":95,"column":138}},"line":95},"14":{"name":"(anonymous_14)","decl":{"start":{"line":95,"column":153},"end":{"line":95,"column":154}},"loc":{"start":{"line":95,"column":165},"end":{"line":99,"column":13}},"line":95},"15":{"name":"(anonymous_15)","decl":{"start":{"line":103,"column":4},"end":{"line":103,"column":5}},"loc":{"start":{"line":103,"column":13},"end":{"line":203,"column":5}},"line":103},"16":{"name":"(anonymous_16)","decl":{"start":{"line":118,"column":21},"end":{"line":118,"column":22}},"loc":{"start":{"line":119,"column":24},"end":{"line":198,"column":31}},"line":119},"17":{"name":"(anonymous_17)","decl":{"start":{"line":182,"column":49},"end":{"line":182,"column":50}},"loc":{"start":{"line":182,"column":63},"end":{"line":182,"column":107}},"line":182},"18":{"name":"(anonymous_18)","decl":{"start":{"line":182,"column":76},"end":{"line":182,"column":77}},"loc":{"start":{"line":182,"column":86},"end":{"line":182,"column":95}},"line":182},"19":{"name":"(anonymous_19)","decl":{"start":{"line":185,"column":49},"end":{"line":185,"column":50}},"loc":{"start":{"line":186,"column":36},"end":{"line":189,"column":47}},"line":186},"20":{"name":"(anonymous_20)","decl":{"start":{"line":187,"column":69},"end":{"line":187,"column":70}},"loc":{"start":{"line":187,"column":74},"end":{"line":187,"column":93}},"line":187}},"branchMap":{"0":{"loc":{"start":{"line":34,"column":8},"end":{"line":36,"column":9}},"type":"if","locations":[{"start":{"line":34,"column":8},"end":{"line":36,"column":9}},{"start":{},"end":{}}],"line":34},"1":{"loc":{"start":{"line":54,"column":8},"end":{"line":56,"column":9}},"type":"if","locations":[{"start":{"line":54,"column":8},"end":{"line":56,"column":9}},{"start":{},"end":{}}],"line":54},"2":{"loc":{"start":{"line":57,"column":8},"end":{"line":59,"column":9}},"type":"if","locations":[{"start":{"line":57,"column":8},"end":{"line":59,"column":9}},{"start":{},"end":{}}],"line":57},"3":{"loc":{"start":{"line":60,"column":8},"end":{"line":62,"column":9}},"type":"if","locations":[{"start":{"line":60,"column":8},"end":{"line":62,"column":9}},{"start":{},"end":{}}],"line":60},"4":{"loc":{"start":{"line":63,"column":8},"end":{"line":65,"column":9}},"type":"if","locations":[{"start":{"line":63,"column":8},"end":{"line":65,"column":9}},{"start":{},"end":{}}],"line":63},"5":{"loc":{"start":{"line":82,"column":8},"end":{"line":88,"column":9}},"type":"if","locations":[{"start":{"line":82,"column":8},"end":{"line":88,"column":9}},{"start":{"line":85,"column":15},"end":{"line":88,"column":9}}],"line":82},"6":{"loc":{"start":{"line":95,"column":22},"end":{"line":99,"column":15}},"type":"cond-expr","locations":[{"start":{"line":95,"column":50},"end":{"line":95,"column":140}},{"start":{"line":95,"column":143},"end":{"line":99,"column":15}}],"line":95},"7":{"loc":{"start":{"line":134,"column":43},"end":{"line":134,"column":79}},"type":"binary-expr","locations":[{"start":{"line":134,"column":43},"end":{"line":134,"column":55}},{"start":{"line":134,"column":59},"end":{"line":134,"column":79}}],"line":134},"8":{"loc":{"start":{"line":135,"column":48},"end":{"line":135,"column":75}},"type":"binary-expr","locations":[{"start":{"line":135,"column":48},"end":{"line":135,"column":60}},{"start":{"line":135,"column":64},"end":{"line":135,"column":75}}],"line":135},"9":{"loc":{"start":{"line":146,"column":43},"end":{"line":146,"column":87}},"type":"binary-expr","locations":[{"start":{"line":146,"column":43},"end":{"line":146,"column":59}},{"start":{"line":146,"column":63},"end":{"line":146,"column":87}}],"line":146},"10":{"loc":{"start":{"line":147,"column":48},"end":{"line":147,"column":83}},"type":"binary-expr","locations":[{"start":{"line":147,"column":48},"end":{"line":147,"column":64}},{"start":{"line":147,"column":68},"end":{"line":147,"column":83}}],"line":147},"11":{"loc":{"start":{"line":158,"column":43},"end":{"line":158,"column":91}},"type":"binary-expr","locations":[{"start":{"line":158,"column":43},"end":{"line":158,"column":61}},{"start":{"line":158,"column":65},"end":{"line":158,"column":91}}],"line":158},"12":{"loc":{"start":{"line":159,"column":48},"end":{"line":159,"column":87}},"type":"binary-expr","locations":[{"start":{"line":159,"column":48},"end":{"line":159,"column":66}},{"start":{"line":159,"column":70},"end":{"line":159,"column":87}}],"line":159},"13":{"loc":{"start":{"line":170,"column":43},"end":{"line":170,"column":81}},"type":"binary-expr","locations":[{"start":{"line":170,"column":43},"end":{"line":170,"column":56}},{"start":{"line":170,"column":60},"end":{"line":170,"column":81}}],"line":170},"14":{"loc":{"start":{"line":171,"column":48},"end":{"line":171,"column":77}},"type":"binary-expr","locations":[{"start":{"line":171,"column":48},"end":{"line":171,"column":61}},{"start":{"line":171,"column":65},"end":{"line":171,"column":77}}],"line":171}},"s":{"0":0,"1":0,"2":0,"3":0,"4":0,"5":0,"6":0,"7":0,"8":0,"9":0,"10":0,"11":0,"12":0,"13":0,"14":0,"15":0,"16":0,"17":0,"18":0,"19":0,"20":0,"21":0,"22":0,"23":0,"24":0,"25":0,"26":0,"27":0,"28":0,"29":0,"30":0,"31":0,"32":0,"33":0,"34":0,"35":0,"36":0,"37":0,"38":0,"39":0,"40":0,"41":0},"f":{"0":0,"1":0,"2":0,"3":0,"4":0,"5":0,"6":0,"7":0,"8":0,"9":0,"10":0,"11":0,"12":0,"13":0,"14":0,"15":0,"16":0,"17":0,"18":0,"19":0,"20":0},"b":{"0":[0,0],"1":[0,0],"2":[0,0],"3":[0,0],"4":[0,0],"5":[0,0],"6":[0,0],"7":[0,0],"8":[0,0],"9":[0,0],"10":[0,0],"11":[0,0],"12":[0,0],"13":[0,0],"14":[0,0]}}
,"C:\\codes\\EmployeeManagement\\Frontend\\employee-app\\src\\components\\ListEmployeesComponent.jsx": {"path":"C:\\codes\\EmployeeManagement\\Frontend\\employee-app\\src\\components\\ListEmployeesComponent.jsx","statementMap":{"0":{"start":{"line":9,"column":31},"end":{"line":271,"column":1}},"1":{"start":{"line":10,"column":38},"end":{"line":10,"column":50}},"2":{"start":{"line":11,"column":38},"end":{"line":11,"column":50}},"3":{"start":{"line":12,"column":40},"end":{"line":12,"column":55}},"4":{"start":{"line":13,"column":60},"end":{"line":13,"column":75}},"5":{"start":{"line":14,"column":52},"end":{"line":14,"column":66}},"6":{"start":{"line":15,"column":44},"end":{"line":15,"column":59}},"7":{"start":{"line":16,"column":50},"end":{"line":16,"column":62}},"8":{"start":{"line":17,"column":52},"end":{"line":17,"column":71}},"9":{"start":{"line":18,"column":54},"end":{"line":18,"column":66}},"10":{"start":{"line":19,"column":54},"end":{"line":19,"column":66}},"11":{"start":{"line":20,"column":40},"end":{"line":20,"column":52}},"12":{"start":{"line":21,"column":21},"end":{"line":21,"column":34}},"13":{"start":{"line":22,"column":21},"end":{"line":22,"column":34}},"14":{"start":{"line":24,"column":4},"end":{"line":34,"column":54}},"15":{"start":{"line":25,"column":22},"end":{"line":25,"column":58}},"16":{"start":{"line":26,"column":8},"end":{"line":26,"column":28}},"17":{"start":{"line":27,"column":8},"end":{"line":32,"column":9}},"18":{"start":{"line":28,"column":12},"end":{"line":28,"column":55}},"19":{"start":{"line":29,"column":12},"end":{"line":29,"column":43}},"20":{"start":{"line":30,"column":12},"end":{"line":30,"column":34}},"21":{"start":{"line":31,"column":12},"end":{"line":31,"column":70}},"22":{"start":{"line":33,"column":8},"end":{"line":33,"column":27}},"23":{"start":{"line":36,"column":4},"end":{"line":40,"column":32}},"24":{"start":{"line":37,"column":8},"end":{"line":39,"column":10}},"25":{"start":{"line":38,"column":36},"end":{"line":38,"column":93}},"26":{"start":{"line":42,"column":20},"end":{"line":42,"column":47}},"27":{"start":{"line":43,"column":30},"end":{"line":43,"column":68}},"28":{"start":{"line":45,"column":36},"end":{"line":67,"column":5}},"29":{"start":{"line":46,"column":8},"end":{"line":46,"column":71}},"30":{"start":{"line":48,"column":31},"end":{"line":50,"column":10}},"31":{"start":{"line":49,"column":12},"end":{"line":49,"column":58}},"32":{"start":{"line":52,"column":8},"end":{"line":66,"column":15}},"33":{"start":{"line":54,"column":43},"end":{"line":54,"column":103}},"34":{"start":{"line":54,"column":67},"end":{"line":54,"column":102}},"35":{"start":{"line":55,"column":16},"end":{"line":55,"column":49}},"36":{"start":{"line":56,"column":16},"end":{"line":56,"column":41}},"37":{"start":{"line":57,"column":16},"end":{"line":57,"column":79}},"38":{"start":{"line":58,"column":16},"end":{"line":58,"column":47}},"39":{"start":{"line":59,"column":16},"end":{"line":59,"column":38}},"40":{"start":{"line":62,"column":16},"end":{"line":62,"column":66}},"41":{"start":{"line":63,"column":16},"end":{"line":63,"column":75}},"42":{"start":{"line":64,"column":16},"end":{"line":64,"column":45}},"43":{"start":{"line":65,"column":16},"end":{"line":65,"column":38}},"44":{"start":{"line":69,"column":29},"end":{"line":81,"column":5}},"45":{"start":{"line":70,"column":8},"end":{"line":80,"column":15}},"46":{"start":{"line":72,"column":40},"end":{"line":72,"column":76}},"47":{"start":{"line":73,"column":16},"end":{"line":73,"column":46}},"48":{"start":{"line":76,"column":16},"end":{"line":76,"column":63}},"49":{"start":{"line":77,"column":16},"end":{"line":77,"column":78}},"50":{"start":{"line":78,"column":16},"end":{"line":78,"column":45}},"51":{"start":{"line":79,"column":16},"end":{"line":79,"column":38}},"52":{"start":{"line":83,"column":34},"end":{"line":88,"column":5}},"53":{"start":{"line":84,"column":8},"end":{"line":87,"column":12}},"54":{"start":{"line":84,"column":37},"end":{"line":87,"column":9}},"55":{"start":{"line":86,"column":44},"end":{"line":86,"column":50}},"56":{"start":{"line":90,"column":31},"end":{"line":92,"column":5}},"57":{"start":{"line":91,"column":8},"end":{"line":91,"column":34}},"58":{"start":{"line":94,"column":34},"end":{"line":111,"column":5}},"59":{"start":{"line":95,"column":8},"end":{"line":110,"column":9}},"60":{"start":{"line":96,"column":12},"end":{"line":109,"column":19}},"61":{"start":{"line":98,"column":20},"end":{"line":98,"column":41}},"62":{"start":{"line":99,"column":20},"end":{"line":99,"column":39}},"63":{"start":{"line":100,"column":20},"end":{"line":100,"column":98}},"64":{"start":{"line":101,"column":20},"end":{"line":101,"column":51}},"65":{"start":{"line":102,"column":20},"end":{"line":102,"column":42}},"66":{"start":{"line":105,"column":20},"end":{"line":105,"column":69}},"67":{"start":{"line":106,"column":20},"end":{"line":106,"column":94}},"68":{"start":{"line":107,"column":20},"end":{"line":107,"column":49}},"69":{"start":{"line":108,"column":20},"end":{"line":108,"column":42}},"70":{"start":{"line":113,"column":30},"end":{"line":115,"column":5}},"71":{"start":{"line":114,"column":8},"end":{"line":114,"column":29}},"72":{"start":{"line":117,"column":32},"end":{"line":122,"column":5}},"73":{"start":{"line":118,"column":8},"end":{"line":120,"column":9}},"74":{"start":{"line":119,"column":12},"end":{"line":119,"column":19}},"75":{"start":{"line":121,"column":8},"end":{"line":121,"column":31}},"76":{"start":{"line":124,"column":20},"end":{"line":160,"column":7}},"77":{"start":{"line":136,"column":12},"end":{"line":157,"column":15}},"78":{"start":{"line":141,"column":33},"end":{"line":141,"column":68}},"79":{"start":{"line":150,"column":22},"end":{"line":150,"column":54}},"80":{"start":{"line":151,"column":22},"end":{"line":151,"column":42}},"81":{"start":{"line":162,"column":6},"end":{"line":270,"column":6}},"82":{"start":{"line":170,"column":37},"end":{"line":170,"column":66}},"83":{"start":{"line":188,"column":24},"end":{"line":188,"column":67}},"84":{"start":{"line":205,"column":24},"end":{"line":205,"column":54}},"85":{"start":{"line":235,"column":31},"end":{"line":235,"column":61}},"86":{"start":{"line":246,"column":43},"end":{"line":246,"column":73}},"87":{"start":{"line":249,"column":24},"end":{"line":249,"column":50}},"88":{"start":{"line":250,"column":24},"end":{"line":250,"column":55}}},"fnMap":{"0":{"name":"(anonymous_0)","decl":{"start":{"line":9,"column":31},"end":{"line":9,"column":32}},"loc":{"start":{"line":9,"column":37},"end":{"line":271,"column":1}},"line":9},"1":{"name":"(anonymous_1)","decl":{"start":{"line":24,"column":14},"end":{"line":24,"column":15}},"loc":{"start":{"line":24,"column":20},"end":{"line":34,"column":5}},"line":24},"2":{"name":"(anonymous_2)","decl":{"start":{"line":36,"column":14},"end":{"line":36,"column":15}},"loc":{"start":{"line":36,"column":20},"end":{"line":40,"column":5}},"line":36},"3":{"name":"(anonymous_3)","decl":{"start":{"line":38,"column":29},"end":{"line":38,"column":30}},"loc":{"start":{"line":38,"column":36},"end":{"line":38,"column":93}},"line":38},"4":{"name":"(anonymous_4)","decl":{"start":{"line":45,"column":36},"end":{"line":45,"column":37}},"loc":{"start":{"line":45,"column":42},"end":{"line":67,"column":5}},"line":45},"5":{"name":"(anonymous_5)","decl":{"start":{"line":48,"column":53},"end":{"line":48,"column":54}},"loc":{"start":{"line":48,"column":59},"end":{"line":50,"column":9}},"line":48},"6":{"name":"(anonymous_6)","decl":{"start":{"line":53,"column":18},"end":{"line":53,"column":19}},"loc":{"start":{"line":53,"column":24},"end":{"line":60,"column":13}},"line":53},"7":{"name":"(anonymous_7)","decl":{"start":{"line":54,"column":60},"end":{"line":54,"column":61}},"loc":{"start":{"line":54,"column":67},"end":{"line":54,"column":102}},"line":54},"8":{"name":"(anonymous_8)","decl":{"start":{"line":61,"column":19},"end":{"line":61,"column":20}},"loc":{"start":{"line":61,"column":28},"end":{"line":66,"column":13}},"line":61},"9":{"name":"(anonymous_9)","decl":{"start":{"line":69,"column":29},"end":{"line":69,"column":30}},"loc":{"start":{"line":69,"column":35},"end":{"line":81,"column":5}},"line":69},"10":{"name":"(anonymous_10)","decl":{"start":{"line":71,"column":18},"end":{"line":71,"column":19}},"loc":{"start":{"line":71,"column":30},"end":{"line":74,"column":13}},"line":71},"11":{"name":"(anonymous_11)","decl":{"start":{"line":75,"column":19},"end":{"line":75,"column":20}},"loc":{"start":{"line":75,"column":28},"end":{"line":80,"column":13}},"line":75},"12":{"name":"(anonymous_12)","decl":{"start":{"line":83,"column":34},"end":{"line":83,"column":35}},"loc":{"start":{"line":83,"column":49},"end":{"line":88,"column":5}},"line":83},"13":{"name":"(anonymous_13)","decl":{"start":{"line":84,"column":29},"end":{"line":84,"column":30}},"loc":{"start":{"line":84,"column":37},"end":{"line":87,"column":9}},"line":84},"14":{"name":"(anonymous_14)","decl":{"start":{"line":86,"column":39},"end":{"line":86,"column":40}},"loc":{"start":{"line":86,"column":44},"end":{"line":86,"column":50}},"line":86},"15":{"name":"(anonymous_15)","decl":{"start":{"line":90,"column":31},"end":{"line":90,"column":32}},"loc":{"start":{"line":90,"column":37},"end":{"line":92,"column":5}},"line":90},"16":{"name":"(anonymous_16)","decl":{"start":{"line":94,"column":34},"end":{"line":94,"column":35}},"loc":{"start":{"line":94,"column":40},"end":{"line":111,"column":5}},"line":94},"17":{"name":"(anonymous_17)","decl":{"start":{"line":97,"column":22},"end":{"line":97,"column":23}},"loc":{"start":{"line":97,"column":28},"end":{"line":103,"column":17}},"line":97},"18":{"name":"(anonymous_18)","decl":{"start":{"line":104,"column":23},"end":{"line":104,"column":24}},"loc":{"start":{"line":104,"column":32},"end":{"line":109,"column":17}},"line":104},"19":{"name":"(anonymous_19)","decl":{"start":{"line":113,"column":30},"end":{"line":113,"column":31}},"loc":{"start":{"line":113,"column":36},"end":{"line":115,"column":5}},"line":113},"20":{"name":"(anonymous_20)","decl":{"start":{"line":117,"column":32},"end":{"line":117,"column":33}},"loc":{"start":{"line":117,"column":51},"end":{"line":122,"column":5}},"line":117},"21":{"name":"(anonymous_21)","decl":{"start":{"line":135,"column":22},"end":{"line":135,"column":23}},"loc":{"start":{"line":136,"column":12},"end":{"line":157,"column":15}},"line":136},"22":{"name":"(anonymous_22)","decl":{"start":{"line":141,"column":27},"end":{"line":141,"column":28}},"loc":{"start":{"line":141,"column":33},"end":{"line":141,"column":68}},"line":141},"23":{"name":"(anonymous_23)","decl":{"start":{"line":149,"column":27},"end":{"line":149,"column":28}},"loc":{"start":{"line":149,"column":33},"end":{"line":152,"column":19}},"line":149},"24":{"name":"(anonymous_24)","decl":{"start":{"line":170,"column":30},"end":{"line":170,"column":31}},"loc":{"start":{"line":170,"column":37},"end":{"line":170,"column":66}},"line":170},"25":{"name":"(anonymous_25)","decl":{"start":{"line":187,"column":47},"end":{"line":187,"column":48}},"loc":{"start":{"line":187,"column":73},"end":{"line":189,"column":23}},"line":187},"26":{"name":"(anonymous_26)","decl":{"start":{"line":204,"column":29},"end":{"line":204,"column":30}},"loc":{"start":{"line":204,"column":35},"end":{"line":206,"column":21}},"line":204},"27":{"name":"(anonymous_27)","decl":{"start":{"line":235,"column":25},"end":{"line":235,"column":26}},"loc":{"start":{"line":235,"column":31},"end":{"line":235,"column":61}},"line":235},"28":{"name":"(anonymous_28)","decl":{"start":{"line":246,"column":37},"end":{"line":246,"column":38}},"loc":{"start":{"line":246,"column":43},"end":{"line":246,"column":73}},"line":246},"29":{"name":"(anonymous_29)","decl":{"start":{"line":248,"column":33},"end":{"line":248,"column":34}},"loc":{"start":{"line":248,"column":39},"end":{"line":251,"column":25}},"line":248}},"branchMap":{"0":{"loc":{"start":{"line":27,"column":8},"end":{"line":32,"column":9}},"type":"if","locations":[{"start":{"line":27,"column":8},"end":{"line":32,"column":9}},{"start":{},"end":{}}],"line":27},"1":{"loc":{"start":{"line":95,"column":8},"end":{"line":110,"column":9}},"type":"if","locations":[{"start":{"line":95,"column":8},"end":{"line":110,"column":9}},{"start":{},"end":{}}],"line":95},"2":{"loc":{"start":{"line":118,"column":8},"end":{"line":120,"column":9}},"type":"if","locations":[{"start":{"line":118,"column":8},"end":{"line":120,"column":9}},{"start":{},"end":{}}],"line":118},"3":{"loc":{"start":{"line":142,"column":28},"end":{"line":142,"column":58}},"type":"binary-expr","locations":[{"start":{"line":142,"column":28},"end":{"line":142,"column":36}},{"start":{"line":142,"column":40},"end":{"line":142,"column":58}}],"line":142},"4":{"loc":{"start":{"line":153,"column":28},"end":{"line":153,"column":58}},"type":"binary-expr","locations":[{"start":{"line":153,"column":28},"end":{"line":153,"column":36}},{"start":{"line":153,"column":40},"end":{"line":153,"column":58}}],"line":153},"5":{"loc":{"start":{"line":198,"column":99},"end":{"line":198,"column":129}},"type":"binary-expr","locations":[{"start":{"line":198,"column":99},"end":{"line":198,"column":107}},{"start":{"line":198,"column":111},"end":{"line":198,"column":129}}],"line":198},"6":{"loc":{"start":{"line":207,"column":30},"end":{"line":207,"column":96}},"type":"binary-expr","locations":[{"start":{"line":207,"column":30},"end":{"line":207,"column":60}},{"start":{"line":207,"column":65},"end":{"line":207,"column":73}},{"start":{"line":207,"column":77},"end":{"line":207,"column":95}}],"line":207}},"s":{"0":1,"1":36,"2":35,"3":35,"4":35,"5":35,"6":35,"7":35,"8":35,"9":35,"10":35,"11":35,"12":35,"13":35,"14":35,"15":6,"16":6,"17":6,"18":0,"19":0,"20":0,"21":0,"22":6,"23":35,"24":14,"25":13,"26":35,"27":35,"28":35,"29":1,"30":1,"31":2,"32":1,"33":1,"34":2,"35":1,"36":1,"37":1,"38":1,"39":1,"40":0,"41":0,"42":0,"43":0,"44":35,"45":7,"46":7,"47":7,"48":0,"49":0,"50":0,"51":0,"52":35,"53":7,"54":13,"55":19,"56":35,"57":1,"58":35,"59":1,"60":1,"61":1,"62":1,"63":1,"64":1,"65":1,"66":0,"67":0,"68":0,"69":0,"70":35,"71":0,"72":35,"73":0,"74":0,"75":0,"76":35,"77":49,"78":1,"79":1,"80":1,"81":35,"82":1,"83":5,"84":1,"85":0,"86":0,"87":1,"88":1},"f":{"0":36,"1":6,"2":14,"3":13,"4":1,"5":2,"6":1,"7":2,"8":0,"9":7,"10":7,"11":0,"12":7,"13":13,"14":19,"15":1,"16":1,"17":1,"18":0,"19":0,"20":0,"21":49,"22":1,"23":1,"24":1,"25":5,"26":1,"27":0,"28":0,"29":1},"b":{"0":[0,6],"1":[1,0],"2":[0,0],"3":[49,0],"4":[49,0],"5":[35,6],"6":[35,8,0]},"_coverageSchema":"1a1c01bbd47fc00a2c39e90264f33305004495a9","hash":"a4977555501a4465b9c8bb83e7f172b6745ef599"}
,"C:\\codes\\EmployeeManagement\\Frontend\\employee-app\\src\\components\\ListProjectsComponent.jsx": {"path":"C:\\codes\\EmployeeManagement\\Frontend\\employee-app\\src\\components\\ListProjectsComponent.jsx","statementMap":{"0":{"start":{"line":9,"column":30},"end":{"line":267,"column":1}},"1":{"start":{"line":10,"column":36},"end":{"line":10,"column":48}},"2":{"start":{"line":11,"column":38},"end":{"line":11,"column":50}},"3":{"start":{"line":12,"column":40},"end":{"line":12,"column":55}},"4":{"start":{"line":13,"column":60},"end":{"line":13,"column":75}},"5":{"start":{"line":14,"column":50},"end":{"line":14,"column":64}},"6":{"start":{"line":15,"column":44},"end":{"line":15,"column":59}},"7":{"start":{"line":16,"column":50},"end":{"line":16,"column":62}},"8":{"start":{"line":17,"column":52},"end":{"line":17,"column":71}},"9":{"start":{"line":18,"column":52},"end":{"line":18,"column":64}},"10":{"start":{"line":19,"column":52},"end":{"line":19,"column":64}},"11":{"start":{"line":20,"column":40},"end":{"line":20,"column":52}},"12":{"start":{"line":21,"column":21},"end":{"line":21,"column":34}},"13":{"start":{"line":22,"column":21},"end":{"line":22,"column":34}},"14":{"start":{"line":24,"column":4},"end":{"line":34,"column":54}},"15":{"start":{"line":25,"column":22},"end":{"line":25,"column":58}},"16":{"start":{"line":26,"column":8},"end":{"line":26,"column":28}},"17":{"start":{"line":27,"column":8},"end":{"line":32,"column":9}},"18":{"start":{"line":28,"column":12},"end":{"line":28,"column":55}},"19":{"start":{"line":29,"column":12},"end":{"line":29,"column":43}},"20":{"start":{"line":30,"column":12},"end":{"line":30,"column":34}},"21":{"start":{"line":31,"column":12},"end":{"line":31,"column":70}},"22":{"start":{"line":33,"column":8},"end":{"line":33,"column":26}},"23":{"start":{"line":36,"column":4},"end":{"line":40,"column":31}},"24":{"start":{"line":37,"column":8},"end":{"line":39,"column":10}},"25":{"start":{"line":38,"column":36},"end":{"line":38,"column":94}},"26":{"start":{"line":42,"column":20},"end":{"line":42,"column":47}},"27":{"start":{"line":43,"column":29},"end":{"line":43,"column":66}},"28":{"start":{"line":45,"column":35},"end":{"line":67,"column":5}},"29":{"start":{"line":46,"column":8},"end":{"line":46,"column":69}},"30":{"start":{"line":48,"column":31},"end":{"line":50,"column":10}},"31":{"start":{"line":49,"column":12},"end":{"line":49,"column":56}},"32":{"start":{"line":52,"column":8},"end":{"line":66,"column":15}},"33":{"start":{"line":54,"column":42},"end":{"line":54,"column":102}},"34":{"start":{"line":54,"column":66},"end":{"line":54,"column":101}},"35":{"start":{"line":55,"column":16},"end":{"line":55,"column":47}},"36":{"start":{"line":56,"column":16},"end":{"line":56,"column":40}},"37":{"start":{"line":57,"column":16},"end":{"line":57,"column":78}},"38":{"start":{"line":58,"column":16},"end":{"line":58,"column":47}},"39":{"start":{"line":59,"column":16},"end":{"line":59,"column":38}},"40":{"start":{"line":62,"column":16},"end":{"line":62,"column":65}},"41":{"start":{"line":63,"column":16},"end":{"line":63,"column":74}},"42":{"start":{"line":64,"column":16},"end":{"line":64,"column":45}},"43":{"start":{"line":65,"column":16},"end":{"line":65,"column":38}},"44":{"start":{"line":69,"column":28},"end":{"line":81,"column":5}},"45":{"start":{"line":70,"column":8},"end":{"line":80,"column":15}},"46":{"start":{"line":72,"column":40},"end":{"line":72,"column":75}},"47":{"start":{"line":73,"column":16},"end":{"line":73,"column":45}},"48":{"start":{"line":76,"column":16},"end":{"line":76,"column":63}},"49":{"start":{"line":77,"column":16},"end":{"line":77,"column":78}},"50":{"start":{"line":78,"column":16},"end":{"line":78,"column":45}},"51":{"start":{"line":79,"column":16},"end":{"line":79,"column":38}},"52":{"start":{"line":83,"column":33},"end":{"line":88,"column":5}},"53":{"start":{"line":84,"column":8},"end":{"line":87,"column":12}},"54":{"start":{"line":84,"column":37},"end":{"line":87,"column":9}},"55":{"start":{"line":86,"column":49},"end":{"line":86,"column":57}},"56":{"start":{"line":90,"column":30},"end":{"line":92,"column":5}},"57":{"start":{"line":91,"column":8},"end":{"line":91,"column":33}},"58":{"start":{"line":94,"column":33},"end":{"line":111,"column":5}},"59":{"start":{"line":95,"column":8},"end":{"line":110,"column":9}},"60":{"start":{"line":96,"column":12},"end":{"line":109,"column":19}},"61":{"start":{"line":98,"column":20},"end":{"line":98,"column":41}},"62":{"start":{"line":99,"column":20},"end":{"line":99,"column":38}},"63":{"start":{"line":100,"column":20},"end":{"line":100,"column":96}},"64":{"start":{"line":101,"column":20},"end":{"line":101,"column":51}},"65":{"start":{"line":102,"column":20},"end":{"line":102,"column":42}},"66":{"start":{"line":105,"column":20},"end":{"line":105,"column":68}},"67":{"start":{"line":106,"column":20},"end":{"line":106,"column":92}},"68":{"start":{"line":107,"column":20},"end":{"line":107,"column":49}},"69":{"start":{"line":108,"column":20},"end":{"line":108,"column":42}},"70":{"start":{"line":113,"column":30},"end":{"line":115,"column":5}},"71":{"start":{"line":114,"column":8},"end":{"line":114,"column":29}},"72":{"start":{"line":117,"column":32},"end":{"line":122,"column":5}},"73":{"start":{"line":118,"column":8},"end":{"line":120,"column":9}},"74":{"start":{"line":119,"column":12},"end":{"line":119,"column":19}},"75":{"start":{"line":121,"column":8},"end":{"line":121,"column":31}},"76":{"start":{"line":124,"column":20},"end":{"line":158,"column":7}},"77":{"start":{"line":134,"column":12},"end":{"line":155,"column":15}},"78":{"start":{"line":139,"column":33},"end":{"line":139,"column":67}},"79":{"start":{"line":148,"column":22},"end":{"line":148,"column":53}},"80":{"start":{"line":149,"column":22},"end":{"line":149,"column":42}},"81":{"start":{"line":160,"column":4},"end":{"line":266,"column":6}},"82":{"start":{"line":168,"column":37},"end":{"line":168,"column":66}},"83":{"start":{"line":186,"column":24},"end":{"line":186,"column":66}},"84":{"start":{"line":202,"column":35},"end":{"line":202,"column":64}},"85":{"start":{"line":231,"column":31},"end":{"line":231,"column":61}},"86":{"start":{"line":242,"column":43},"end":{"line":242,"column":73}},"87":{"start":{"line":245,"column":28},"end":{"line":245,"column":53}},"88":{"start":{"line":246,"column":28},"end":{"line":246,"column":59}}},"fnMap":{"0":{"name":"(anonymous_0)","decl":{"start":{"line":9,"column":30},"end":{"line":9,"column":31}},"loc":{"start":{"line":9,"column":36},"end":{"line":267,"column":1}},"line":9},"1":{"name":"(anonymous_1)","decl":{"start":{"line":24,"column":14},"end":{"line":24,"column":15}},"loc":{"start":{"line":24,"column":20},"end":{"line":34,"column":5}},"line":24},"2":{"name":"(anonymous_2)","decl":{"start":{"line":36,"column":14},"end":{"line":36,"column":15}},"loc":{"start":{"line":36,"column":20},"end":{"line":40,"column":5}},"line":36},"3":{"name":"(anonymous_3)","decl":{"start":{"line":38,"column":28},"end":{"line":38,"column":29}},"loc":{"start":{"line":38,"column":36},"end":{"line":38,"column":94}},"line":38},"4":{"name":"(anonymous_4)","decl":{"start":{"line":45,"column":35},"end":{"line":45,"column":36}},"loc":{"start":{"line":45,"column":41},"end":{"line":67,"column":5}},"line":45},"5":{"name":"(anonymous_5)","decl":{"start":{"line":48,"column":52},"end":{"line":48,"column":53}},"loc":{"start":{"line":48,"column":58},"end":{"line":50,"column":9}},"line":48},"6":{"name":"(anonymous_6)","decl":{"start":{"line":53,"column":18},"end":{"line":53,"column":19}},"loc":{"start":{"line":53,"column":24},"end":{"line":60,"column":13}},"line":53},"7":{"name":"(anonymous_7)","decl":{"start":{"line":54,"column":58},"end":{"line":54,"column":59}},"loc":{"start":{"line":54,"column":66},"end":{"line":54,"column":101}},"line":54},"8":{"name":"(anonymous_8)","decl":{"start":{"line":61,"column":19},"end":{"line":61,"column":20}},"loc":{"start":{"line":61,"column":28},"end":{"line":66,"column":13}},"line":61},"9":{"name":"(anonymous_9)","decl":{"start":{"line":69,"column":28},"end":{"line":69,"column":29}},"loc":{"start":{"line":69,"column":34},"end":{"line":81,"column":5}},"line":69},"10":{"name":"(anonymous_10)","decl":{"start":{"line":71,"column":18},"end":{"line":71,"column":19}},"loc":{"start":{"line":71,"column":30},"end":{"line":74,"column":13}},"line":71},"11":{"name":"(anonymous_11)","decl":{"start":{"line":75,"column":19},"end":{"line":75,"column":20}},"loc":{"start":{"line":75,"column":28},"end":{"line":80,"column":13}},"line":75},"12":{"name":"(anonymous_12)","decl":{"start":{"line":83,"column":33},"end":{"line":83,"column":34}},"loc":{"start":{"line":83,"column":47},"end":{"line":88,"column":5}},"line":83},"13":{"name":"(anonymous_13)","decl":{"start":{"line":84,"column":28},"end":{"line":84,"column":29}},"loc":{"start":{"line":84,"column":37},"end":{"line":87,"column":9}},"line":84},"14":{"name":"(anonymous_14)","decl":{"start":{"line":86,"column":42},"end":{"line":86,"column":43}},"loc":{"start":{"line":86,"column":49},"end":{"line":86,"column":57}},"line":86},"15":{"name":"(anonymous_15)","decl":{"start":{"line":90,"column":30},"end":{"line":90,"column":31}},"loc":{"start":{"line":90,"column":36},"end":{"line":92,"column":5}},"line":90},"16":{"name":"(anonymous_16)","decl":{"start":{"line":94,"column":33},"end":{"line":94,"column":34}},"loc":{"start":{"line":94,"column":39},"end":{"line":111,"column":5}},"line":94},"17":{"name":"(anonymous_17)","decl":{"start":{"line":97,"column":22},"end":{"line":97,"column":23}},"loc":{"start":{"line":97,"column":28},"end":{"line":103,"column":17}},"line":97},"18":{"name":"(anonymous_18)","decl":{"start":{"line":104,"column":23},"end":{"line":104,"column":24}},"loc":{"start":{"line":104,"column":32},"end":{"line":109,"column":17}},"line":104},"19":{"name":"(anonymous_19)","decl":{"start":{"line":113,"column":30},"end":{"line":113,"column":31}},"loc":{"start":{"line":113,"column":36},"end":{"line":115,"column":5}},"line":113},"20":{"name":"(anonymous_20)","decl":{"start":{"line":117,"column":32},"end":{"line":117,"column":33}},"loc":{"start":{"line":117,"column":51},"end":{"line":122,"column":5}},"line":117},"21":{"name":"(anonymous_21)","decl":{"start":{"line":133,"column":22},"end":{"line":133,"column":23}},"loc":{"start":{"line":134,"column":12},"end":{"line":155,"column":15}},"line":134},"22":{"name":"(anonymous_22)","decl":{"start":{"line":139,"column":27},"end":{"line":139,"column":28}},"loc":{"start":{"line":139,"column":33},"end":{"line":139,"column":67}},"line":139},"23":{"name":"(anonymous_23)","decl":{"start":{"line":147,"column":27},"end":{"line":147,"column":28}},"loc":{"start":{"line":147,"column":33},"end":{"line":150,"column":19}},"line":147},"24":{"name":"(anonymous_24)","decl":{"start":{"line":168,"column":30},"end":{"line":168,"column":31}},"loc":{"start":{"line":168,"column":37},"end":{"line":168,"column":66}},"line":168},"25":{"name":"(anonymous_25)","decl":{"start":{"line":185,"column":47},"end":{"line":185,"column":48}},"loc":{"start":{"line":185,"column":73},"end":{"line":187,"column":23}},"line":185},"26":{"name":"(anonymous_26)","decl":{"start":{"line":202,"column":29},"end":{"line":202,"column":30}},"loc":{"start":{"line":202,"column":35},"end":{"line":202,"column":64}},"line":202},"27":{"name":"(anonymous_27)","decl":{"start":{"line":231,"column":25},"end":{"line":231,"column":26}},"loc":{"start":{"line":231,"column":31},"end":{"line":231,"column":61}},"line":231},"28":{"name":"(anonymous_28)","decl":{"start":{"line":242,"column":37},"end":{"line":242,"column":38}},"loc":{"start":{"line":242,"column":43},"end":{"line":242,"column":73}},"line":242},"29":{"name":"(anonymous_29)","decl":{"start":{"line":244,"column":33},"end":{"line":244,"column":34}},"loc":{"start":{"line":244,"column":39},"end":{"line":247,"column":25}},"line":244}},"branchMap":{"0":{"loc":{"start":{"line":27,"column":8},"end":{"line":32,"column":9}},"type":"if","locations":[{"start":{"line":27,"column":8},"end":{"line":32,"column":9}},{"start":{},"end":{}}],"line":27},"1":{"loc":{"start":{"line":95,"column":8},"end":{"line":110,"column":9}},"type":"if","locations":[{"start":{"line":95,"column":8},"end":{"line":110,"column":9}},{"start":{},"end":{}}],"line":95},"2":{"loc":{"start":{"line":118,"column":8},"end":{"line":120,"column":9}},"type":"if","locations":[{"start":{"line":118,"column":8},"end":{"line":120,"column":9}},{"start":{},"end":{}}],"line":118},"3":{"loc":{"start":{"line":140,"column":28},"end":{"line":140,"column":57}},"type":"binary-expr","locations":[{"start":{"line":140,"column":28},"end":{"line":140,"column":36}},{"start":{"line":140,"column":40},"end":{"line":140,"column":57}}],"line":140},"4":{"loc":{"start":{"line":151,"column":28},"end":{"line":151,"column":57}},"type":"binary-expr","locations":[{"start":{"line":151,"column":28},"end":{"line":151,"column":36}},{"start":{"line":151,"column":40},"end":{"line":151,"column":57}}],"line":151},"5":{"loc":{"start":{"line":196,"column":98},"end":{"line":196,"column":127}},"type":"binary-expr","locations":[{"start":{"line":196,"column":98},"end":{"line":196,"column":106}},{"start":{"line":196,"column":110},"end":{"line":196,"column":127}}],"line":196},"6":{"loc":{"start":{"line":203,"column":30},"end":{"line":203,"column":94}},"type":"binary-expr","locations":[{"start":{"line":203,"column":30},"end":{"line":203,"column":59}},{"start":{"line":203,"column":64},"end":{"line":203,"column":72}},{"start":{"line":203,"column":76},"end":{"line":203,"column":93}}],"line":203}},"s":{"0":1,"1":36,"2":35,"3":35,"4":35,"5":35,"6":35,"7":35,"8":35,"9":35,"10":35,"11":35,"12":35,"13":35,"14":35,"15":6,"16":6,"17":6,"18":0,"19":0,"20":0,"21":0,"22":6,"23":35,"24":14,"25":13,"26":35,"27":35,"28":35,"29":1,"30":1,"31":2,"32":1,"33":1,"34":2,"35":1,"36":1,"37":1,"38":1,"39":1,"40":0,"41":0,"42":0,"43":0,"44":35,"45":7,"46":7,"47":7,"48":0,"49":0,"50":0,"51":0,"52":35,"53":7,"54":13,"55":19,"56":35,"57":1,"58":35,"59":1,"60":1,"61":1,"62":1,"63":1,"64":1,"65":1,"66":0,"67":0,"68":0,"69":0,"70":35,"71":0,"72":35,"73":0,"74":0,"75":0,"76":35,"77":49,"78":1,"79":1,"80":1,"81":35,"82":1,"83":5,"84":1,"85":0,"86":0,"87":1,"88":1},"f":{"0":36,"1":6,"2":14,"3":13,"4":1,"5":2,"6":1,"7":2,"8":0,"9":7,"10":7,"11":0,"12":7,"13":13,"14":19,"15":1,"16":1,"17":1,"18":0,"19":0,"20":0,"21":49,"22":1,"23":1,"24":1,"25":5,"26":1,"27":0,"28":0,"29":1},"b":{"0":[0,6],"1":[1,0],"2":[0,0],"3":[49,0],"4":[49,0],"5":[35,6],"6":[35,8,0]},"_coverageSchema":"1a1c01bbd47fc00a2c39e90264f33305004495a9","hash":"d718482faca1f04e9744cdbad5fc52fd3e8bd95a"}
,"C:\\codes\\EmployeeManagement\\Frontend\\employee-app\\src\\components\\LoginComponent.jsx": {"path":"C:\\codes\\EmployeeManagement\\Frontend\\employee-app\\src\\components\\LoginComponent.jsx","statementMap":{"0":{"start":{"line":10,"column":8},"end":{"line":10,"column":21}},"1":{"start":{"line":12,"column":8},"end":{"line":17,"column":9}},"2":{"start":{"line":18,"column":8},"end":{"line":18,"column":57}},"3":{"start":{"line":19,"column":8},"end":{"line":19,"column":57}},"4":{"start":{"line":20,"column":8},"end":{"line":20,"column":61}},"5":{"start":{"line":24,"column":9},"end":{"line":26,"column":11}},"6":{"start":{"line":30,"column":8},"end":{"line":30,"column":43}},"7":{"start":{"line":34,"column":8},"end":{"line":46,"column":14}},"8":{"start":{"line":37,"column":16},"end":{"line":37,"column":82}},"9":{"start":{"line":38,"column":16},"end":{"line":38,"column":47}},"10":{"start":{"line":39,"column":16},"end":{"line":39,"column":51}},"11":{"start":{"line":40,"column":16},"end":{"line":40,"column":82}},"12":{"start":{"line":42,"column":16},"end":{"line":42,"column":48}},"13":{"start":{"line":43,"column":16},"end":{"line":43,"column":56}},"14":{"start":{"line":44,"column":16},"end":{"line":44,"column":59}},"15":{"start":{"line":45,"column":16},"end":{"line":45,"column":82}},"16":{"start":{"line":50,"column":8},"end":{"line":116,"column":10}},"17":{"start":{"line":93,"column":32},"end":{"line":102,"column":41}},"18":{"start":{"line":98,"column":53},"end":{"line":98,"column":79}}},"fnMap":{"0":{"name":"(anonymous_0)","decl":{"start":{"line":9,"column":4},"end":{"line":9,"column":5}},"loc":{"start":{"line":9,"column":23},"end":{"line":21,"column":5}},"line":9},"1":{"name":"(anonymous_1)","decl":{"start":{"line":23,"column":4},"end":{"line":23,"column":5}},"loc":{"start":{"line":23,"column":24},"end":{"line":27,"column":5}},"line":23},"2":{"name":"(anonymous_2)","decl":{"start":{"line":29,"column":4},"end":{"line":29,"column":5}},"loc":{"start":{"line":29,"column":21},"end":{"line":31,"column":5}},"line":29},"3":{"name":"(anonymous_3)","decl":{"start":{"line":33,"column":4},"end":{"line":33,"column":5}},"loc":{"start":{"line":33,"column":26},"end":{"line":47,"column":5}},"line":33},"4":{"name":"(anonymous_4)","decl":{"start":{"line":36,"column":18},"end":{"line":36,"column":19}},"loc":{"start":{"line":36,"column":24},"end":{"line":41,"column":13}},"line":36},"5":{"name":"(anonymous_5)","decl":{"start":{"line":41,"column":21},"end":{"line":41,"column":22}},"loc":{"start":{"line":41,"column":27},"end":{"line":46,"column":13}},"line":41},"6":{"name":"(anonymous_6)","decl":{"start":{"line":49,"column":4},"end":{"line":49,"column":5}},"loc":{"start":{"line":49,"column":13},"end":{"line":117,"column":5}},"line":49},"7":{"name":"(anonymous_7)","decl":{"start":{"line":92,"column":29},"end":{"line":92,"column":30}},"loc":{"start":{"line":93,"column":32},"end":{"line":102,"column":41}},"line":93},"8":{"name":"(anonymous_8)","decl":{"start":{"line":98,"column":45},"end":{"line":98,"column":46}},"loc":{"start":{"line":98,"column":51},"end":{"line":98,"column":81}},"line":98}},"branchMap":{"0":{"loc":{"start":{"line":68,"column":21},"end":{"line":68,"column":101}},"type":"binary-expr","locations":[{"start":{"line":68,"column":21},"end":{"line":68,"column":46}},{"start":{"line":68,"column":50},"end":{"line":68,"column":101}}],"line":68},"1":{"loc":{"start":{"line":69,"column":21},"end":{"line":69,"column":104}},"type":"binary-expr","locations":[{"start":{"line":69,"column":21},"end":{"line":69,"column":50}},{"start":{"line":69,"column":54},"end":{"line":69,"column":104}}],"line":69}},"s":{"0":5,"1":5,"2":5,"3":5,"4":5,"5":2,"6":1,"7":2,"8":1,"9":1,"10":1,"11":1,"12":1,"13":1,"14":1,"15":1,"16":9,"17":9,"18":2},"f":{"0":5,"1":2,"2":1,"3":2,"4":1,"5":1,"6":9,"7":9,"8":2},"b":{"0":[9,1],"1":[9,1]},"_coverageSchema":"1a1c01bbd47fc00a2c39e90264f33305004495a9","hash":"250bf05d5aadade656a7c4878429e59dc0ec07d5"}
,"C:\\codes\\EmployeeManagement\\Frontend\\employee-app\\src\\components\\LogoutComponent.jsx": {"path":"C:\\codes\\EmployeeManagement\\Frontend\\employee-app\\src\\components\\LogoutComponent.jsx","statementMap":{"0":{"start":{"line":6,"column":8},"end":{"line":28,"column":10}}},"fnMap":{"0":{"name":"(anonymous_0)","decl":{"start":{"line":5,"column":4},"end":{"line":5,"column":5}},"loc":{"start":{"line":5,"column":13},"end":{"line":29,"column":5}},"line":5}},"branchMap":{},"s":{"0":1},"f":{"0":1},"b":{},"_coverageSchema":"1a1c01bbd47fc00a2c39e90264f33305004495a9","hash":"d210e5321d8afa61d405eba0f05d22b9e12b716a"}
,"C:\\codes\\EmployeeManagement\\Frontend\\employee-app\\src\\components\\MenuComponent.jsx": {"path":"C:\\codes\\EmployeeManagement\\Frontend\\employee-app\\src\\components\\MenuComponent.jsx","statementMap":{"0":{"start":{"line":27,"column":20},"end":{"line":27,"column":23}},"1":{"start":{"line":29,"column":13},"end":{"line":51,"column":1}},"2":{"start":{"line":29,"column":59},"end":{"line":29,"column":74}},"3":{"start":{"line":30,"column":18},"end":{"line":50,"column":3}},"4":{"start":{"line":40,"column":29},"end":{"line":40,"column":33}},"5":{"start":{"line":53,"column":15},"end":{"line":73,"column":3}},"6":{"start":{"line":54,"column":31},"end":{"line":54,"column":46}},"7":{"start":{"line":55,"column":19},"end":{"line":73,"column":1}},"8":{"start":{"line":62,"column":27},"end":{"line":62,"column":31}},"9":{"start":{"line":75,"column":21},"end":{"line":81,"column":3}},"10":{"start":{"line":75,"column":51},"end":{"line":81,"column":1}},"11":{"start":{"line":84,"column":16},"end":{"line":84,"column":26}},"12":{"start":{"line":85,"column":26},"end":{"line":85,"column":47}},"13":{"start":{"line":86,"column":18},"end":{"line":86,"column":38}},"14":{"start":{"line":88,"column":27},"end":{"line":90,"column":3}},"15":{"start":{"line":89,"column":4},"end":{"line":89,"column":18}},"16":{"start":{"line":92,"column":28},"end":{"line":94,"column":3}},"17":{"start":{"line":93,"column":4},"end":{"line":93,"column":19}},"18":{"start":{"line":96,"column":2},"end":{"line":185,"column":4}},"19":{"start":{"line":134,"column":31},"end":{"line":134,"column":68}}},"fnMap":{"0":{"name":"(anonymous_0)","decl":{"start":{"line":29,"column":49},"end":{"line":29,"column":50}},"loc":{"start":{"line":29,"column":59},"end":{"line":29,"column":74}},"line":29},"1":{"name":"(anonymous_1)","decl":{"start":{"line":30,"column":2},"end":{"line":30,"column":3}},"loc":{"start":{"line":30,"column":18},"end":{"line":50,"column":3}},"line":30},"2":{"name":"(anonymous_2)","decl":{"start":{"line":40,"column":15},"end":{"line":40,"column":16}},"loc":{"start":{"line":40,"column":29},"end":{"line":40,"column":33}},"line":40},"3":{"name":"(anonymous_3)","decl":{"start":{"line":54,"column":21},"end":{"line":54,"column":22}},"loc":{"start":{"line":54,"column":31},"end":{"line":54,"column":46}},"line":54},"4":{"name":"(anonymous_4)","decl":{"start":{"line":55,"column":3},"end":{"line":55,"column":4}},"loc":{"start":{"line":55,"column":19},"end":{"line":73,"column":1}},"line":55},"5":{"name":"(anonymous_5)","decl":{"start":{"line":62,"column":13},"end":{"line":62,"column":14}},"loc":{"start":{"line":62,"column":27},"end":{"line":62,"column":31}},"line":62},"6":{"name":"(anonymous_6)","decl":{"start":{"line":75,"column":35},"end":{"line":75,"column":36}},"loc":{"start":{"line":75,"column":51},"end":{"line":81,"column":1}},"line":75},"7":{"name":"PersistentDrawerLeft","decl":{"start":{"line":83,"column":24},"end":{"line":83,"column":44}},"loc":{"start":{"line":83,"column":47},"end":{"line":186,"column":1}},"line":83},"8":{"name":"(anonymous_8)","decl":{"start":{"line":88,"column":27},"end":{"line":88,"column":28}},"loc":{"start":{"line":88,"column":33},"end":{"line":90,"column":3}},"line":88},"9":{"name":"(anonymous_9)","decl":{"start":{"line":92,"column":28},"end":{"line":92,"column":29}},"loc":{"start":{"line":92,"column":34},"end":{"line":94,"column":3}},"line":92},"10":{"name":"(anonymous_10)","decl":{"start":{"line":134,"column":25},"end":{"line":134,"column":26}},"loc":{"start":{"line":134,"column":31},"end":{"line":134,"column":68}},"line":134}},"branchMap":{"0":{"loc":{"start":{"line":110,"column":14},"end":{"line":110,"column":41}},"type":"binary-expr","locations":[{"start":{"line":110,"column":14},"end":{"line":110,"column":18}},{"start":{"line":110,"column":22},"end":{"line":110,"column":41}}],"line":110},"1":{"loc":{"start":{"line":119,"column":13},"end":{"line":128,"column":13}},"type":"binary-expr","locations":[{"start":{"line":119,"column":13},"end":{"line":119,"column":42}},{"start":{"line":120,"column":14},"end":{"line":127,"column":23}}],"line":119},"2":{"loc":{"start":{"line":129,"column":13},"end":{"line":139,"column":13}},"type":"binary-expr","locations":[{"start":{"line":129,"column":13},"end":{"line":129,"column":41}},{"start":{"line":130,"column":14},"end":{"line":138,"column":23}}],"line":129},"3":{"loc":{"start":{"line":158,"column":13},"end":{"line":158,"column":83}},"type":"cond-expr","locations":[{"start":{"line":158,"column":41},"end":{"line":158,"column":60}},{"start":{"line":158,"column":63},"end":{"line":158,"column":83}}],"line":158}},"s":{"0":1,"1":1,"2":15,"3":7,"4":7,"5":1,"6":22,"7":7,"8":7,"9":1,"10":14,"11":7,"12":7,"13":7,"14":7,"15":1,"16":7,"17":1,"18":7,"19":1},"f":{"0":15,"1":7,"2":7,"3":22,"4":7,"5":7,"6":14,"7":7,"8":1,"9":1,"10":1},"b":{"0":[7,1],"1":[7,5],"2":[7,2],"3":[7,0]},"_coverageSchema":"1a1c01bbd47fc00a2c39e90264f33305004495a9","hash":"62e202ee88197619ba458fe85ff2ee8095de0836"}
,"C:\\codes\\EmployeeManagement\\Frontend\\employee-app\\src\\components\\MyProvider.jsx": {"path":"C:\\codes\\EmployeeManagement\\Frontend\\employee-app\\src\\components\\MyProvider.jsx","statementMap":{"0":{"start":{"line":4,"column":24},"end":{"line":4,"column":45}},"1":{"start":{"line":7,"column":12},"end":{"line":7,"column":35}},"2":{"start":{"line":10,"column":27},"end":{"line":10,"column":65}},"3":{"start":{"line":11,"column":8},"end":{"line":11,"column":54}},"4":{"start":{"line":15,"column":8},"end":{"line":22,"column":9}},"5":{"start":{"line":18,"column":46},"end":{"line":18,"column":86}}},"fnMap":{"0":{"name":"(anonymous_0)","decl":{"start":{"line":9,"column":4},"end":{"line":9,"column":5}},"loc":{"start":{"line":9,"column":24},"end":{"line":12,"column":5}},"line":9},"1":{"name":"(anonymous_1)","decl":{"start":{"line":14,"column":4},"end":{"line":14,"column":5}},"loc":{"start":{"line":14,"column":13},"end":{"line":23,"column":5}},"line":14},"2":{"name":"(anonymous_2)","decl":{"start":{"line":18,"column":35},"end":{"line":18,"column":36}},"loc":{"start":{"line":18,"column":46},"end":{"line":18,"column":86}},"line":18}},"branchMap":{},"s":{"0":2,"1":0,"2":0,"3":0,"4":0,"5":0},"f":{"0":0,"1":0,"2":0},"b":{},"_coverageSchema":"1a1c01bbd47fc00a2c39e90264f33305004495a9","hash":"94882c31fb2221c7f1130ec8e2ae7a3103542b29"}
,"C:\\codes\\EmployeeManagement\\Frontend\\employee-app\\src\\components\\ProjectComponent.jsx": {"path":"C:\\codes\\EmployeeManagement\\Frontend\\employee-app\\src\\components\\ProjectComponent.jsx","statementMap":{"0":{"start":{"line":10,"column":8},"end":{"line":10,"column":21}},"1":{"start":{"line":11,"column":8},"end":{"line":17,"column":9}},"2":{"start":{"line":18,"column":8},"end":{"line":18,"column":49}},"3":{"start":{"line":19,"column":8},"end":{"line":19,"column":49}},"4":{"start":{"line":20,"column":8},"end":{"line":20,"column":73}},"5":{"start":{"line":24,"column":8},"end":{"line":30,"column":15}},"6":{"start":{"line":26,"column":16},"end":{"line":26,"column":63}},"7":{"start":{"line":29,"column":16},"end":{"line":29,"column":85}},"8":{"start":{"line":31,"column":8},"end":{"line":33,"column":9}},"9":{"start":{"line":32,"column":12},"end":{"line":32,"column":19}},"10":{"start":{"line":36,"column":8},"end":{"line":44,"column":15}},"11":{"start":{"line":38,"column":16},"end":{"line":41,"column":18}},"12":{"start":{"line":43,"column":16},"end":{"line":43,"column":83}},"13":{"start":{"line":48,"column":21},"end":{"line":48,"column":23}},"14":{"start":{"line":49,"column":8},"end":{"line":51,"column":9}},"15":{"start":{"line":50,"column":12},"end":{"line":50,"column":45}},"16":{"start":{"line":52,"column":8},"end":{"line":54,"column":9}},"17":{"start":{"line":53,"column":12},"end":{"line":53,"column":59}},"18":{"start":{"line":55,"column":8},"end":{"line":55,"column":22}},"19":{"start":{"line":59,"column":22},"end":{"line":70,"column":9}},"20":{"start":{"line":63,"column":56},"end":{"line":69,"column":13}},"21":{"start":{"line":71,"column":8},"end":{"line":77,"column":9}},"22":{"start":{"line":72,"column":12},"end":{"line":73,"column":119}},"23":{"start":{"line":73,"column":27},"end":{"line":73,"column":117}},"24":{"start":{"line":75,"column":12},"end":{"line":76,"column":119}},"25":{"start":{"line":76,"column":27},"end":{"line":76,"column":117}},"26":{"start":{"line":81,"column":26},"end":{"line":81,"column":38}},"27":{"start":{"line":82,"column":8},"end":{"line":90,"column":11}},"28":{"start":{"line":83,"column":78},"end":{"line":83,"column":139}},"29":{"start":{"line":83,"column":114},"end":{"line":83,"column":138}},"30":{"start":{"line":83,"column":166},"end":{"line":89,"column":13}},"31":{"start":{"line":94,"column":65},"end":{"line":94,"column":75}},"32":{"start":{"line":95,"column":8},"end":{"line":168,"column":10}},"33":{"start":{"line":109,"column":24},"end":{"line":164,"column":31}},"34":{"start":{"line":147,"column":64},"end":{"line":147,"column":70}},"35":{"start":{"line":149,"column":63},"end":{"line":149,"column":105}},"36":{"start":{"line":149,"column":85},"end":{"line":149,"column":93}},"37":{"start":{"line":152,"column":36},"end":{"line":155,"column":47}},"38":{"start":{"line":153,"column":79},"end":{"line":153,"column":99}}},"fnMap":{"0":{"name":"(anonymous_0)","decl":{"start":{"line":9,"column":4},"end":{"line":9,"column":5}},"loc":{"start":{"line":9,"column":23},"end":{"line":21,"column":5}},"line":9},"1":{"name":"(anonymous_1)","decl":{"start":{"line":23,"column":4},"end":{"line":23,"column":5}},"loc":{"start":{"line":23,"column":24},"end":{"line":45,"column":5}},"line":23},"2":{"name":"(anonymous_2)","decl":{"start":{"line":25,"column":18},"end":{"line":25,"column":19}},"loc":{"start":{"line":25,"column":30},"end":{"line":27,"column":13}},"line":25},"3":{"name":"(anonymous_3)","decl":{"start":{"line":28,"column":19},"end":{"line":28,"column":20}},"loc":{"start":{"line":28,"column":28},"end":{"line":30,"column":13}},"line":28},"4":{"name":"(anonymous_4)","decl":{"start":{"line":37,"column":17},"end":{"line":37,"column":18}},"loc":{"start":{"line":38,"column":16},"end":{"line":41,"column":18}},"line":38},"5":{"name":"(anonymous_5)","decl":{"start":{"line":42,"column":19},"end":{"line":42,"column":20}},"loc":{"start":{"line":42,"column":28},"end":{"line":44,"column":13}},"line":42},"6":{"name":"(anonymous_6)","decl":{"start":{"line":47,"column":4},"end":{"line":47,"column":5}},"loc":{"start":{"line":47,"column":21},"end":{"line":56,"column":5}},"line":47},"7":{"name":"(anonymous_7)","decl":{"start":{"line":58,"column":4},"end":{"line":58,"column":5}},"loc":{"start":{"line":58,"column":21},"end":{"line":78,"column":5}},"line":58},"8":{"name":"(anonymous_8)","decl":{"start":{"line":63,"column":48},"end":{"line":63,"column":49}},"loc":{"start":{"line":63,"column":56},"end":{"line":69,"column":13}},"line":63},"9":{"name":"(anonymous_9)","decl":{"start":{"line":73,"column":21},"end":{"line":73,"column":22}},"loc":{"start":{"line":73,"column":27},"end":{"line":73,"column":117}},"line":73},"10":{"name":"(anonymous_10)","decl":{"start":{"line":76,"column":21},"end":{"line":76,"column":22}},"loc":{"start":{"line":76,"column":27},"end":{"line":76,"column":117}},"line":76},"11":{"name":"(anonymous_11)","decl":{"start":{"line":80,"column":4},"end":{"line":80,"column":5}},"loc":{"start":{"line":80,"column":32},"end":{"line":91,"column":5}},"line":80},"12":{"name":"(anonymous_12)","decl":{"start":{"line":83,"column":72},"end":{"line":83,"column":73}},"loc":{"start":{"line":83,"column":78},"end":{"line":83,"column":139}},"line":83},"13":{"name":"(anonymous_13)","decl":{"start":{"line":83,"column":107},"end":{"line":83,"column":108}},"loc":{"start":{"line":83,"column":114},"end":{"line":83,"column":138}},"line":83},"14":{"name":"(anonymous_14)","decl":{"start":{"line":83,"column":153},"end":{"line":83,"column":154}},"loc":{"start":{"line":83,"column":166},"end":{"line":89,"column":13}},"line":83},"15":{"name":"(anonymous_15)","decl":{"start":{"line":93,"column":4},"end":{"line":93,"column":5}},"loc":{"start":{"line":93,"column":13},"end":{"line":169,"column":5}},"line":93},"16":{"name":"(anonymous_16)","decl":{"start":{"line":108,"column":21},"end":{"line":108,"column":22}},"loc":{"start":{"line":109,"column":24},"end":{"line":164,"column":31}},"line":109},"17":{"name":"(anonymous_17)","decl":{"start":{"line":147,"column":57},"end":{"line":147,"column":58}},"loc":{"start":{"line":147,"column":64},"end":{"line":147,"column":70}},"line":147},"18":{"name":"(anonymous_18)","decl":{"start":{"line":149,"column":49},"end":{"line":149,"column":50}},"loc":{"start":{"line":149,"column":63},"end":{"line":149,"column":105}},"line":149},"19":{"name":"(anonymous_19)","decl":{"start":{"line":149,"column":76},"end":{"line":149,"column":77}},"loc":{"start":{"line":149,"column":85},"end":{"line":149,"column":93}},"line":149},"20":{"name":"(anonymous_20)","decl":{"start":{"line":151,"column":50},"end":{"line":151,"column":51}},"loc":{"start":{"line":152,"column":36},"end":{"line":155,"column":47}},"line":152},"21":{"name":"(anonymous_21)","decl":{"start":{"line":153,"column":74},"end":{"line":153,"column":75}},"loc":{"start":{"line":153,"column":79},"end":{"line":153,"column":99}},"line":153}},"branchMap":{"0":{"loc":{"start":{"line":31,"column":8},"end":{"line":33,"column":9}},"type":"if","locations":[{"start":{"line":31,"column":8},"end":{"line":33,"column":9}},{"start":{},"end":{}}],"line":31},"1":{"loc":{"start":{"line":49,"column":8},"end":{"line":51,"column":9}},"type":"if","locations":[{"start":{"line":49,"column":8},"end":{"line":51,"column":9}},{"start":{},"end":{}}],"line":49},"2":{"loc":{"start":{"line":52,"column":8},"end":{"line":54,"column":9}},"type":"if","locations":[{"start":{"line":52,"column":8},"end":{"line":54,"column":9}},{"start":{},"end":{}}],"line":52},"3":{"loc":{"start":{"line":71,"column":8},"end":{"line":77,"column":9}},"type":"if","locations":[{"start":{"line":71,"column":8},"end":{"line":77,"column":9}},{"start":{"line":74,"column":15},"end":{"line":77,"column":9}}],"line":71},"4":{"loc":{"start":{"line":83,"column":23},"end":{"line":89,"column":15}},"type":"cond-expr","locations":[{"start":{"line":83,"column":51},"end":{"line":83,"column":140}},{"start":{"line":83,"column":143},"end":{"line":89,"column":15}}],"line":83},"5":{"loc":{"start":{"line":124,"column":43},"end":{"line":124,"column":79}},"type":"binary-expr","locations":[{"start":{"line":124,"column":43},"end":{"line":124,"column":55}},{"start":{"line":124,"column":59},"end":{"line":124,"column":79}}],"line":124},"6":{"loc":{"start":{"line":125,"column":48},"end":{"line":125,"column":75}},"type":"binary-expr","locations":[{"start":{"line":125,"column":48},"end":{"line":125,"column":60}},{"start":{"line":125,"column":64},"end":{"line":125,"column":75}}],"line":125},"7":{"loc":{"start":{"line":136,"column":43},"end":{"line":136,"column":93}},"type":"binary-expr","locations":[{"start":{"line":136,"column":43},"end":{"line":136,"column":62}},{"start":{"line":136,"column":66},"end":{"line":136,"column":93}}],"line":136},"8":{"loc":{"start":{"line":137,"column":48},"end":{"line":137,"column":89}},"type":"binary-expr","locations":[{"start":{"line":137,"column":48},"end":{"line":137,"column":67}},{"start":{"line":137,"column":71},"end":{"line":137,"column":89}}],"line":137}},"s":{"0":5,"1":4,"2":4,"3":4,"4":4,"5":4,"6":4,"7":0,"8":4,"9":4,"10":0,"11":0,"12":0,"13":4,"14":4,"15":1,"16":4,"17":2,"18":4,"19":1,"20":0,"21":1,"22":1,"23":1,"24":0,"25":0,"26":0,"27":0,"28":0,"29":0,"30":0,"31":8,"32":8,"33":16,"34":0,"35":0,"36":0,"37":8,"38":0},"f":{"0":5,"1":4,"2":4,"3":0,"4":0,"5":0,"6":4,"7":1,"8":0,"9":1,"10":0,"11":0,"12":0,"13":0,"14":0,"15":8,"16":16,"17":0,"18":0,"19":0,"20":8,"21":0},"b":{"0":[4,0],"1":[1,3],"2":[2,2],"3":[1,0],"4":[0,0],"5":[16,4],"6":[16,4],"7":[16,4],"8":[16,4]},"_coverageSchema":"1a1c01bbd47fc00a2c39e90264f33305004495a9","hash":"ef3279dfd018bf60a3f71e8d84a6439fbf340662"}
,"C:\\codes\\EmployeeManagement\\Frontend\\employee-app\\src\\components\\RegisterComponent.jsx": {"path":"C:\\codes\\EmployeeManagement\\Frontend\\employee-app\\src\\components\\RegisterComponent.jsx","statementMap":{"0":{"start":{"line":8,"column":26},"end":{"line":127,"column":1}},"1":{"start":{"line":9,"column":36},"end":{"line":9,"column":48}},"2":{"start":{"line":10,"column":36},"end":{"line":10,"column":48}},"3":{"start":{"line":11,"column":44},"end":{"line":11,"column":56}},"4":{"start":{"line":12,"column":48},"end":{"line":12,"column":60}},"5":{"start":{"line":13,"column":30},"end":{"line":13,"column":42}},"6":{"start":{"line":15,"column":27},"end":{"line":44,"column":5}},"7":{"start":{"line":16,"column":8},"end":{"line":20,"column":9}},"8":{"start":{"line":17,"column":12},"end":{"line":17,"column":57}},"9":{"start":{"line":18,"column":12},"end":{"line":18,"column":34}},"10":{"start":{"line":19,"column":12},"end":{"line":19,"column":19}},"11":{"start":{"line":21,"column":8},"end":{"line":25,"column":9}},"12":{"start":{"line":22,"column":12},"end":{"line":22,"column":57}},"13":{"start":{"line":23,"column":12},"end":{"line":23,"column":34}},"14":{"start":{"line":24,"column":12},"end":{"line":24,"column":19}},"15":{"start":{"line":26,"column":8},"end":{"line":30,"column":9}},"16":{"start":{"line":27,"column":12},"end":{"line":27,"column":64}},"17":{"start":{"line":28,"column":12},"end":{"line":28,"column":34}},"18":{"start":{"line":29,"column":12},"end":{"line":29,"column":19}},"19":{"start":{"line":32,"column":8},"end":{"line":43,"column":9}},"20":{"start":{"line":33,"column":29},"end":{"line":37,"column":14}},"21":{"start":{"line":38,"column":12},"end":{"line":38,"column":82}},"22":{"start":{"line":39,"column":12},"end":{"line":39,"column":32}},"23":{"start":{"line":41,"column":12},"end":{"line":41,"column":51}},"24":{"start":{"line":42,"column":12},"end":{"line":42,"column":34}},"25":{"start":{"line":46,"column":25},"end":{"line":53,"column":5}},"26":{"start":{"line":49,"column":12},"end":{"line":49,"column":17}},"27":{"start":{"line":50,"column":8},"end":{"line":52,"column":10}},"28":{"start":{"line":55,"column":4},"end":{"line":126,"column":6}},"29":{"start":{"line":81,"column":41},"end":{"line":81,"column":68}},"30":{"start":{"line":90,"column":41},"end":{"line":90,"column":68}},"31":{"start":{"line":101,"column":32},"end":{"line":105,"column":38}},"32":{"start":{"line":103,"column":40},"end":{"line":103,"column":74}}},"fnMap":{"0":{"name":"(anonymous_0)","decl":{"start":{"line":8,"column":26},"end":{"line":8,"column":27}},"loc":{"start":{"line":8,"column":32},"end":{"line":127,"column":1}},"line":8},"1":{"name":"(anonymous_1)","decl":{"start":{"line":15,"column":27},"end":{"line":15,"column":28}},"loc":{"start":{"line":15,"column":39},"end":{"line":44,"column":5}},"line":15},"2":{"name":"(anonymous_2)","decl":{"start":{"line":46,"column":25},"end":{"line":46,"column":26}},"loc":{"start":{"line":46,"column":36},"end":{"line":53,"column":5}},"line":46},"3":{"name":"(anonymous_3)","decl":{"start":{"line":81,"column":34},"end":{"line":81,"column":35}},"loc":{"start":{"line":81,"column":41},"end":{"line":81,"column":68}},"line":81},"4":{"name":"(anonymous_4)","decl":{"start":{"line":90,"column":34},"end":{"line":90,"column":35}},"loc":{"start":{"line":90,"column":41},"end":{"line":90,"column":68}},"line":90},"5":{"name":"(anonymous_5)","decl":{"start":{"line":100,"column":41},"end":{"line":100,"column":42}},"loc":{"start":{"line":101,"column":32},"end":{"line":105,"column":38}},"line":101},"6":{"name":"(anonymous_6)","decl":{"start":{"line":102,"column":50},"end":{"line":102,"column":51}},"loc":{"start":{"line":103,"column":40},"end":{"line":103,"column":74}},"line":103}},"branchMap":{"0":{"loc":{"start":{"line":16,"column":8},"end":{"line":20,"column":9}},"type":"if","locations":[{"start":{"line":16,"column":8},"end":{"line":20,"column":9}},{"start":{},"end":{}}],"line":16},"1":{"loc":{"start":{"line":21,"column":8},"end":{"line":25,"column":9}},"type":"if","locations":[{"start":{"line":21,"column":8},"end":{"line":25,"column":9}},{"start":{},"end":{}}],"line":21},"2":{"loc":{"start":{"line":26,"column":8},"end":{"line":30,"column":9}},"type":"if","locations":[{"start":{"line":26,"column":8},"end":{"line":30,"column":9}},{"start":{},"end":{}}],"line":26},"3":{"loc":{"start":{"line":51,"column":12},"end":{"line":51,"column":64}},"type":"cond-expr","locations":[{"start":{"line":51,"column":40},"end":{"line":51,"column":56}},{"start":{"line":51,"column":59},"end":{"line":51,"column":64}}],"line":51},"4":{"loc":{"start":{"line":73,"column":21},"end":{"line":73,"column":83}},"type":"binary-expr","locations":[{"start":{"line":73,"column":21},"end":{"line":73,"column":33}},{"start":{"line":73,"column":37},"end":{"line":73,"column":83}}],"line":73},"5":{"loc":{"start":{"line":74,"column":21},"end":{"line":74,"column":89}},"type":"binary-expr","locations":[{"start":{"line":74,"column":21},"end":{"line":74,"column":35}},{"start":{"line":74,"column":39},"end":{"line":74,"column":89}}],"line":74}},"s":{"0":1,"1":21,"2":21,"3":21,"4":21,"5":21,"6":21,"7":5,"8":1,"9":1,"10":1,"11":4,"12":1,"13":1,"14":1,"15":3,"16":1,"17":1,"18":1,"19":2,"20":2,"21":1,"22":1,"23":1,"24":1,"25":21,"26":2,"27":2,"28":21,"29":4,"30":4,"31":6,"32":6},"f":{"0":21,"1":5,"2":2,"3":4,"4":4,"5":6,"6":6},"b":{"0":[1,4],"1":[1,3],"2":[1,2],"3":[0,2],"4":[21,4],"5":[21,1]},"_coverageSchema":"1a1c01bbd47fc00a2c39e90264f33305004495a9","hash":"ef215a77c7eca05392a563f5676df33a7360f44d"}
,"C:\\codes\\EmployeeManagement\\Frontend\\employee-app\\src\\components\\withRouter.jsx": {"path":"C:\\codes\\EmployeeManagement\\Frontend\\employee-app\\src\\components\\withRouter.jsx","statementMap":{"0":{"start":{"line":4,"column":19},"end":{"line":10,"column":1}},"1":{"start":{"line":5,"column":4},"end":{"line":9,"column":5}},"2":{"start":{"line":6,"column":27},"end":{"line":6,"column":40}},"3":{"start":{"line":7,"column":23},"end":{"line":7,"column":44}},"4":{"start":{"line":8,"column":8},"end":{"line":8,"column":77}}},"fnMap":{"0":{"name":"(anonymous_0)","decl":{"start":{"line":4,"column":19},"end":{"line":4,"column":20}},"loc":{"start":{"line":4,"column":34},"end":{"line":10,"column":1}},"line":4},"1":{"name":"(anonymous_1)","decl":{"start":{"line":5,"column":11},"end":{"line":5,"column":12}},"loc":{"start":{"line":5,"column":22},"end":{"line":9,"column":5}},"line":5}},"branchMap":{},"s":{"0":3,"1":3,"2":8,"3":7,"4":7},"f":{"0":3,"1":8},"b":{},"_coverageSchema":"1a1c01bbd47fc00a2c39e90264f33305004495a9","hash":"b23c3a0c19c5087f7c609970b8c0dcfc3db2b6f5"}
,"C:\\codes\\EmployeeManagement\\Frontend\\employee-app\\src\\service\\AuthenticationService.jsx": {"path":"C:\\codes\\EmployeeManagement\\Frontend\\employee-app\\src\\service\\AuthenticationService.jsx","statementMap":{"0":{"start":{"line":2,"column":21},"end":{"line":2,"column":48}},"1":{"start":{"line":4,"column":48},"end":{"line":4,"column":67}},"2":{"start":{"line":5,"column":49},"end":{"line":5,"column":60}},"3":{"start":{"line":10,"column":23},"end":{"line":10,"column":44}},"4":{"start":{"line":11,"column":8},"end":{"line":11,"column":44}},"5":{"start":{"line":12,"column":8},"end":{"line":12,"column":44}},"6":{"start":{"line":13,"column":8},"end":{"line":19,"column":11}},"7":{"start":{"line":15,"column":12},"end":{"line":15,"column":79}},"8":{"start":{"line":16,"column":12},"end":{"line":16,"column":34}},"9":{"start":{"line":17,"column":12},"end":{"line":17,"column":42}},"10":{"start":{"line":18,"column":12},"end":{"line":18,"column":28}},"11":{"start":{"line":23,"column":8},"end":{"line":23,"column":75}},"12":{"start":{"line":24,"column":8},"end":{"line":24,"column":38}},"13":{"start":{"line":25,"column":8},"end":{"line":25,"column":38}},"14":{"start":{"line":29,"column":8},"end":{"line":36,"column":9}},"15":{"start":{"line":30,"column":29},"end":{"line":30,"column":101}},"16":{"start":{"line":31,"column":26},"end":{"line":31,"column":39}},"17":{"start":{"line":32,"column":12},"end":{"line":32,"column":58}},"18":{"start":{"line":33,"column":12},"end":{"line":33,"column":93}},"19":{"start":{"line":35,"column":12},"end":{"line":35,"column":64}},"20":{"start":{"line":40,"column":22},"end":{"line":40,"column":79}},"21":{"start":{"line":41,"column":8},"end":{"line":41,"column":46}},"22":{"start":{"line":45,"column":8},"end":{"line":45,"column":81}},"23":{"start":{"line":49,"column":8},"end":{"line":59,"column":15}},"24":{"start":{"line":51,"column":16},"end":{"line":51,"column":76}},"25":{"start":{"line":52,"column":16},"end":{"line":52,"column":77}},"26":{"start":{"line":53,"column":16},"end":{"line":55,"column":17}},"27":{"start":{"line":54,"column":20},"end":{"line":54,"column":53}},"28":{"start":{"line":58,"column":16},"end":{"line":58,"column":55}},"29":{"start":{"line":63,"column":8},"end":{"line":69,"column":11}},"30":{"start":{"line":64,"column":23},"end":{"line":64,"column":79}},"31":{"start":{"line":65,"column":12},"end":{"line":67,"column":13}},"32":{"start":{"line":66,"column":16},"end":{"line":66,"column":46}},"33":{"start":{"line":68,"column":12},"end":{"line":68,"column":26}}},"fnMap":{"0":{"name":"(anonymous_0)","decl":{"start":{"line":9,"column":4},"end":{"line":9,"column":5}},"loc":{"start":{"line":9,"column":30},"end":{"line":20,"column":5}},"line":9},"1":{"name":"(anonymous_1)","decl":{"start":{"line":14,"column":14},"end":{"line":14,"column":15}},"loc":{"start":{"line":14,"column":26},"end":{"line":19,"column":9}},"line":14},"2":{"name":"(anonymous_2)","decl":{"start":{"line":22,"column":4},"end":{"line":22,"column":5}},"loc":{"start":{"line":22,"column":47},"end":{"line":26,"column":5}},"line":22},"3":{"name":"(anonymous_3)","decl":{"start":{"line":28,"column":4},"end":{"line":28,"column":5}},"loc":{"start":{"line":28,"column":27},"end":{"line":37,"column":5}},"line":28},"4":{"name":"(anonymous_4)","decl":{"start":{"line":39,"column":4},"end":{"line":39,"column":5}},"loc":{"start":{"line":39,"column":19},"end":{"line":42,"column":5}},"line":39},"5":{"name":"(anonymous_5)","decl":{"start":{"line":44,"column":4},"end":{"line":44,"column":5}},"loc":{"start":{"line":44,"column":21},"end":{"line":46,"column":5}},"line":44},"6":{"name":"(anonymous_6)","decl":{"start":{"line":48,"column":4},"end":{"line":48,"column":5}},"loc":{"start":{"line":48,"column":20},"end":{"line":60,"column":5}},"line":48},"7":{"name":"(anonymous_7)","decl":{"start":{"line":50,"column":18},"end":{"line":50,"column":19}},"loc":{"start":{"line":50,"column":24},"end":{"line":56,"column":13}},"line":50},"8":{"name":"(anonymous_8)","decl":{"start":{"line":57,"column":19},"end":{"line":57,"column":20}},"loc":{"start":{"line":57,"column":28},"end":{"line":59,"column":13}},"line":57},"9":{"name":"(anonymous_9)","decl":{"start":{"line":62,"column":4},"end":{"line":62,"column":5}},"loc":{"start":{"line":62,"column":29},"end":{"line":70,"column":5}},"line":62},"10":{"name":"(anonymous_10)","decl":{"start":{"line":63,"column":39},"end":{"line":63,"column":40}},"loc":{"start":{"line":63,"column":51},"end":{"line":69,"column":9}},"line":63}},"branchMap":{"0":{"loc":{"start":{"line":41,"column":15},"end":{"line":41,"column":45}},"type":"cond-expr","locations":[{"start":{"line":41,"column":23},"end":{"line":41,"column":40}},{"start":{"line":41,"column":43},"end":{"line":41,"column":45}}],"line":41},"1":{"loc":{"start":{"line":53,"column":16},"end":{"line":55,"column":17}},"type":"if","locations":[{"start":{"line":53,"column":16},"end":{"line":55,"column":17}},{"start":{},"end":{}}],"line":53},"2":{"loc":{"start":{"line":53,"column":20},"end":{"line":53,"column":56}},"type":"binary-expr","locations":[{"start":{"line":53,"column":20},"end":{"line":53,"column":27}},{"start":{"line":53,"column":31},"end":{"line":53,"column":56}}],"line":53},"3":{"loc":{"start":{"line":65,"column":12},"end":{"line":67,"column":13}},"type":"if","locations":[{"start":{"line":65,"column":12},"end":{"line":67,"column":13}},{"start":{},"end":{}}],"line":65}},"s":{"0":3,"1":3,"2":3,"3":0,"4":0,"5":0,"6":0,"7":0,"8":0,"9":0,"10":0,"11":0,"12":0,"13":0,"14":0,"15":0,"16":0,"17":0,"18":0,"19":0,"20":0,"21":0,"22":0,"23":0,"24":0,"25":0,"26":0,"27":0,"28":0,"29":0,"30":0,"31":0,"32":0,"33":0},"f":{"0":0,"1":0,"2":0,"3":0,"4":0,"5":0,"6":0,"7":0,"8":0,"9":0,"10":0},"b":{"0":[0,0],"1":[0,0],"2":[0,0],"3":[0,0]},"_coverageSchema":"1a1c01bbd47fc00a2c39e90264f33305004495a9","hash":"04be53647a5bdc8decd6b25d86ba42840e91ad93"}
,"C:\\codes\\EmployeeManagement\\Frontend\\employee-app\\src\\service\\EmployeeDataService.jsx": {"path":"C:\\codes\\EmployeeManagement\\Frontend\\employee-app\\src\\service\\EmployeeDataService.jsx","statementMap":{"0":{"start":{"line":3,"column":25},"end":{"line":3,"column":62}},"1":{"start":{"line":8,"column":8},"end":{"line":8,"column":70}},"2":{"start":{"line":12,"column":8},"end":{"line":12,"column":84}},"3":{"start":{"line":16,"column":8},"end":{"line":16,"column":91}},"4":{"start":{"line":20,"column":8},"end":{"line":20,"column":81}},"5":{"start":{"line":24,"column":8},"end":{"line":24,"column":81}}},"fnMap":{"0":{"name":"(anonymous_0)","decl":{"start":{"line":7,"column":4},"end":{"line":7,"column":5}},"loc":{"start":{"line":7,"column":27},"end":{"line":9,"column":5}},"line":7},"1":{"name":"(anonymous_1)","decl":{"start":{"line":11,"column":4},"end":{"line":11,"column":5}},"loc":{"start":{"line":11,"column":23},"end":{"line":13,"column":5}},"line":11},"2":{"name":"(anonymous_2)","decl":{"start":{"line":15,"column":4},"end":{"line":15,"column":5}},"loc":{"start":{"line":15,"column":33},"end":{"line":17,"column":5}},"line":15},"3":{"name":"(anonymous_3)","decl":{"start":{"line":19,"column":4},"end":{"line":19,"column":5}},"loc":{"start":{"line":19,"column":29},"end":{"line":21,"column":5}},"line":19},"4":{"name":"(anonymous_4)","decl":{"start":{"line":23,"column":4},"end":{"line":23,"column":5}},"loc":{"start":{"line":23,"column":25},"end":{"line":25,"column":5}},"line":23}},"branchMap":{},"s":{"0":2,"1":0,"2":0,"3":0,"4":0,"5":0},"f":{"0":0,"1":0,"2":0,"3":0,"4":0},"b":{},"_coverageSchema":"1a1c01bbd47fc00a2c39e90264f33305004495a9","hash":"2c99fe3fc843e9f92453e1f3ffc192b51edb0cc4"}
,"C:\\codes\\EmployeeManagement\\Frontend\\employee-app\\src\\service\\ProjectDataService.jsx": {"path":"C:\\codes\\EmployeeManagement\\Frontend\\employee-app\\src\\service\\ProjectDataService.jsx","statementMap":{"0":{"start":{"line":3,"column":24},"end":{"line":3,"column":60}},"1":{"start":{"line":7,"column":8},"end":{"line":10,"column":11}},"2":{"start":{"line":8,"column":12},"end":{"line":8,"column":51}},"3":{"start":{"line":9,"column":12},"end":{"line":9,"column":28}},"4":{"start":{"line":14,"column":8},"end":{"line":14,"column":83}},"5":{"start":{"line":18,"column":8},"end":{"line":18,"column":89}},"6":{"start":{"line":22,"column":8},"end":{"line":22,"column":79}},"7":{"start":{"line":26,"column":8},"end":{"line":26,"column":80}}},"fnMap":{"0":{"name":"(anonymous_0)","decl":{"start":{"line":6,"column":4},"end":{"line":6,"column":5}},"loc":{"start":{"line":6,"column":26},"end":{"line":11,"column":5}},"line":6},"1":{"name":"(anonymous_1)","decl":{"start":{"line":7,"column":74},"end":{"line":7,"column":75}},"loc":{"start":{"line":7,"column":86},"end":{"line":10,"column":9}},"line":7},"2":{"name":"(anonymous_2)","decl":{"start":{"line":13,"column":4},"end":{"line":13,"column":5}},"loc":{"start":{"line":13,"column":22},"end":{"line":15,"column":5}},"line":13},"3":{"name":"(anonymous_3)","decl":{"start":{"line":17,"column":4},"end":{"line":17,"column":5}},"loc":{"start":{"line":17,"column":31},"end":{"line":19,"column":5}},"line":17},"4":{"name":"(anonymous_4)","decl":{"start":{"line":21,"column":4},"end":{"line":21,"column":5}},"loc":{"start":{"line":21,"column":27},"end":{"line":23,"column":5}},"line":21},"5":{"name":"(anonymous_5)","decl":{"start":{"line":25,"column":4},"end":{"line":25,"column":5}},"loc":{"start":{"line":25,"column":24},"end":{"line":27,"column":5}},"line":25}},"branchMap":{},"s":{"0":2,"1":0,"2":0,"3":0,"4":0,"5":0,"6":0,"7":0},"f":{"0":0,"1":0,"2":0,"3":0,"4":0,"5":0},"b":{},"_coverageSchema":"1a1c01bbd47fc00a2c39e90264f33305004495a9","hash":"603bd2da9e7adef71c5b8a6e7f73ecfe0976122a"}
}
