{"C:\\codes\\EmployeeManagement\\Frontend\\employee-app\\src\\service\\AuthenticationService.jsx": {"path":"C:\\codes\\EmployeeManagement\\Frontend\\employee-app\\src\\service\\AuthenticationService.jsx","statementMap":{"0":{"start":{"line":2,"column":21},"end":{"line":2,"column":48}},"1":{"start":{"line":4,"column":48},"end":{"line":4,"column":67}},"2":{"start":{"line":5,"column":49},"end":{"line":5,"column":60}},"3":{"start":{"line":10,"column":23},"end":{"line":10,"column":44}},"4":{"start":{"line":11,"column":8},"end":{"line":11,"column":44}},"5":{"start":{"line":12,"column":8},"end":{"line":12,"column":44}},"6":{"start":{"line":13,"column":8},"end":{"line":19,"column":11}},"7":{"start":{"line":15,"column":12},"end":{"line":15,"column":79}},"8":{"start":{"line":16,"column":12},"end":{"line":16,"column":34}},"9":{"start":{"line":17,"column":12},"end":{"line":17,"column":42}},"10":{"start":{"line":18,"column":12},"end":{"line":18,"column":28}},"11":{"start":{"line":23,"column":8},"end":{"line":23,"column":75}},"12":{"start":{"line":24,"column":8},"end":{"line":24,"column":38}},"13":{"start":{"line":25,"column":8},"end":{"line":25,"column":38}},"14":{"start":{"line":29,"column":8},"end":{"line":36,"column":9}},"15":{"start":{"line":30,"column":29},"end":{"line":30,"column":101}},"16":{"start":{"line":31,"column":26},"end":{"line":31,"column":39}},"17":{"start":{"line":32,"column":12},"end":{"line":32,"column":58}},"18":{"start":{"line":33,"column":12},"end":{"line":33,"column":93}},"19":{"start":{"line":35,"column":12},"end":{"line":35,"column":64}},"20":{"start":{"line":40,"column":22},"end":{"line":40,"column":79}},"21":{"start":{"line":41,"column":8},"end":{"line":41,"column":46}},"22":{"start":{"line":45,"column":8},"end":{"line":45,"column":81}},"23":{"start":{"line":49,"column":8},"end":{"line":59,"column":15}},"24":{"start":{"line":51,"column":16},"end":{"line":51,"column":76}},"25":{"start":{"line":52,"column":16},"end":{"line":52,"column":77}},"26":{"start":{"line":53,"column":16},"end":{"line":55,"column":17}},"27":{"start":{"line":54,"column":20},"end":{"line":54,"column":53}},"28":{"start":{"line":58,"column":16},"end":{"line":58,"column":55}},"29":{"start":{"line":63,"column":8},"end":{"line":69,"column":11}},"30":{"start":{"line":64,"column":23},"end":{"line":64,"column":79}},"31":{"start":{"line":65,"column":12},"end":{"line":67,"column":13}},"32":{"start":{"line":66,"column":16},"end":{"line":66,"column":46}},"33":{"start":{"line":68,"column":12},"end":{"line":68,"column":26}}},"fnMap":{"0":{"name":"(anonymous_0)","decl":{"start":{"line":9,"column":4},"end":{"line":9,"column":5}},"loc":{"start":{"line":9,"column":30},"end":{"line":20,"column":5}},"line":9},"1":{"name":"(anonymous_1)","decl":{"start":{"line":14,"column":14},"end":{"line":14,"column":15}},"loc":{"start":{"line":14,"column":26},"end":{"line":19,"column":9}},"line":14},"2":{"name":"(anonymous_2)","decl":{"start":{"line":22,"column":4},"end":{"line":22,"column":5}},"loc":{"start":{"line":22,"column":47},"end":{"line":26,"column":5}},"line":22},"3":{"name":"(anonymous_3)","decl":{"start":{"line":28,"column":4},"end":{"line":28,"column":5}},"loc":{"start":{"line":28,"column":27},"end":{"line":37,"column":5}},"line":28},"4":{"name":"(anonymous_4)","decl":{"start":{"line":39,"column":4},"end":{"line":39,"column":5}},"loc":{"start":{"line":39,"column":19},"end":{"line":42,"column":5}},"line":39},"5":{"name":"(anonymous_5)","decl":{"start":{"line":44,"column":4},"end":{"line":44,"column":5}},"loc":{"start":{"line":44,"column":21},"end":{"line":46,"column":5}},"line":44},"6":{"name":"(anonymous_6)","decl":{"start":{"line":48,"column":4},"end":{"line":48,"column":5}},"loc":{"start":{"line":48,"column":20},"end":{"line":60,"column":5}},"line":48},"7":{"name":"(anonymous_7)","decl":{"start":{"line":50,"column":18},"end":{"line":50,"column":19}},"loc":{"start":{"line":50,"column":24},"end":{"line":56,"column":13}},"line":50},"8":{"name":"(anonymous_8)","decl":{"start":{"line":57,"column":19},"end":{"line":57,"column":20}},"loc":{"start":{"line":57,"column":28},"end":{"line":59,"column":13}},"line":57},"9":{"name":"(anonymous_9)","decl":{"start":{"line":62,"column":4},"end":{"line":62,"column":5}},"loc":{"start":{"line":62,"column":29},"end":{"line":70,"column":5}},"line":62},"10":{"name":"(anonymous_10)","decl":{"start":{"line":63,"column":39},"end":{"line":63,"column":40}},"loc":{"start":{"line":63,"column":51},"end":{"line":69,"column":9}},"line":63}},"branchMap":{"0":{"loc":{"start":{"line":41,"column":15},"end":{"line":41,"column":45}},"type":"cond-expr","locations":[{"start":{"line":41,"column":23},"end":{"line":41,"column":40}},{"start":{"line":41,"column":43},"end":{"line":41,"column":45}}],"line":41},"1":{"loc":{"start":{"line":53,"column":16},"end":{"line":55,"column":17}},"type":"if","locations":[{"start":{"line":53,"column":16},"end":{"line":55,"column":17}},{"start":{},"end":{}}],"line":53},"2":{"loc":{"start":{"line":53,"column":20},"end":{"line":53,"column":56}},"type":"binary-expr","locations":[{"start":{"line":53,"column":20},"end":{"line":53,"column":27}},{"start":{"line":53,"column":31},"end":{"line":53,"column":56}}],"line":53},"3":{"loc":{"start":{"line":65,"column":12},"end":{"line":67,"column":13}},"type":"if","locations":[{"start":{"line":65,"column":12},"end":{"line":67,"column":13}},{"start":{},"end":{}}],"line":65}},"s":{"0":1,"1":1,"2":1,"3":1,"4":1,"5":1,"6":1,"7":1,"8":1,"9":1,"10":1,"11":1,"12":1,"13":1,"14":4,"15":4,"16":4,"17":3,"18":3,"19":1,"20":1,"21":1,"22":2,"23":1,"24":1,"25":1,"26":1,"27":1,"28":0,"29":3,"30":0,"31":0,"32":0,"33":0},"f":{"0":1,"1":1,"2":1,"3":4,"4":1,"5":2,"6":1,"7":1,"8":0,"9":3,"10":0},"b":{"0":[1,0],"1":[1,0],"2":[1,1],"3":[0,0]},"_coverageSchema":"1a1c01bbd47fc00a2c39e90264f33305004495a9","hash":"04be53647a5bdc8decd6b25d86ba42840e91ad93"}
,"C:\\codes\\EmployeeManagement\\Frontend\\employee-app\\src\\service\\EmployeeDataService.jsx": {"path":"C:\\codes\\EmployeeManagement\\Frontend\\employee-app\\src\\service\\EmployeeDataService.jsx","statementMap":{"0":{"start":{"line":3,"column":25},"end":{"line":3,"column":62}},"1":{"start":{"line":8,"column":8},"end":{"line":8,"column":70}},"2":{"start":{"line":12,"column":8},"end":{"line":12,"column":84}},"3":{"start":{"line":16,"column":8},"end":{"line":16,"column":91}},"4":{"start":{"line":20,"column":8},"end":{"line":20,"column":81}},"5":{"start":{"line":24,"column":8},"end":{"line":24,"column":81}}},"fnMap":{"0":{"name":"(anonymous_0)","decl":{"start":{"line":7,"column":4},"end":{"line":7,"column":5}},"loc":{"start":{"line":7,"column":27},"end":{"line":9,"column":5}},"line":7},"1":{"name":"(anonymous_1)","decl":{"start":{"line":11,"column":4},"end":{"line":11,"column":5}},"loc":{"start":{"line":11,"column":23},"end":{"line":13,"column":5}},"line":11},"2":{"name":"(anonymous_2)","decl":{"start":{"line":15,"column":4},"end":{"line":15,"column":5}},"loc":{"start":{"line":15,"column":33},"end":{"line":17,"column":5}},"line":15},"3":{"name":"(anonymous_3)","decl":{"start":{"line":19,"column":4},"end":{"line":19,"column":5}},"loc":{"start":{"line":19,"column":29},"end":{"line":21,"column":5}},"line":19},"4":{"name":"(anonymous_4)","decl":{"start":{"line":23,"column":4},"end":{"line":23,"column":5}},"loc":{"start":{"line":23,"column":25},"end":{"line":25,"column":5}},"line":23}},"branchMap":{},"s":{"0":1,"1":1,"2":1,"3":1,"4":1,"5":1},"f":{"0":1,"1":1,"2":1,"3":1,"4":1},"b":{},"_coverageSchema":"1a1c01bbd47fc00a2c39e90264f33305004495a9","hash":"2c99fe3fc843e9f92453e1f3ffc192b51edb0cc4"}
,"C:\\codes\\EmployeeManagement\\Frontend\\employee-app\\src\\service\\ProjectDataService.jsx": {"path":"C:\\codes\\EmployeeManagement\\Frontend\\employee-app\\src\\service\\ProjectDataService.jsx","statementMap":{"0":{"start":{"line":3,"column":24},"end":{"line":3,"column":60}},"1":{"start":{"line":7,"column":8},"end":{"line":10,"column":11}},"2":{"start":{"line":8,"column":12},"end":{"line":8,"column":51}},"3":{"start":{"line":9,"column":12},"end":{"line":9,"column":28}},"4":{"start":{"line":14,"column":8},"end":{"line":14,"column":83}},"5":{"start":{"line":18,"column":8},"end":{"line":18,"column":89}},"6":{"start":{"line":22,"column":8},"end":{"line":22,"column":79}},"7":{"start":{"line":26,"column":8},"end":{"line":26,"column":80}}},"fnMap":{"0":{"name":"(anonymous_0)","decl":{"start":{"line":6,"column":4},"end":{"line":6,"column":5}},"loc":{"start":{"line":6,"column":26},"end":{"line":11,"column":5}},"line":6},"1":{"name":"(anonymous_1)","decl":{"start":{"line":7,"column":74},"end":{"line":7,"column":75}},"loc":{"start":{"line":7,"column":86},"end":{"line":10,"column":9}},"line":7},"2":{"name":"(anonymous_2)","decl":{"start":{"line":13,"column":4},"end":{"line":13,"column":5}},"loc":{"start":{"line":13,"column":22},"end":{"line":15,"column":5}},"line":13},"3":{"name":"(anonymous_3)","decl":{"start":{"line":17,"column":4},"end":{"line":17,"column":5}},"loc":{"start":{"line":17,"column":31},"end":{"line":19,"column":5}},"line":17},"4":{"name":"(anonymous_4)","decl":{"start":{"line":21,"column":4},"end":{"line":21,"column":5}},"loc":{"start":{"line":21,"column":27},"end":{"line":23,"column":5}},"line":21},"5":{"name":"(anonymous_5)","decl":{"start":{"line":25,"column":4},"end":{"line":25,"column":5}},"loc":{"start":{"line":25,"column":24},"end":{"line":27,"column":5}},"line":25}},"branchMap":{},"s":{"0":1,"1":1,"2":1,"3":1,"4":1,"5":1,"6":1,"7":1},"f":{"0":1,"1":1,"2":1,"3":1,"4":1,"5":1},"b":{},"_coverageSchema":"1a1c01bbd47fc00a2c39e90264f33305004495a9","hash":"603bd2da9e7adef71c5b8a6e7f73ecfe0976122a"}
}
