TN:
SF:src\App.js
FN:7,(anonymous_0)
FNF:1
FNH:0
FNDA:0,(anonymous_0)
DA:8,0
LF:1
LH:0
BRF:0
BRH:0
end_of_record
TN:
SF:src\components\EmployeeComponent.jsx
FN:9,(anonymous_0)
FN:25,(anonymous_1)
FN:27,(anonymous_2)
FN:30,(anonymous_3)
FN:39,(anonymous_4)
FN:46,(anonymous_5)
FN:52,(anonymous_6)
FN:69,(anonymous_7)
FN:76,(anonymous_8)
FN:84,(anonymous_9)
FN:87,(anonymous_10)
FN:92,(anonymous_11)
FN:95,(anonymous_12)
FN:95,(anonymous_13)
FN:95,(anonymous_14)
FN:103,(anonymous_15)
FN:118,(anonymous_16)
FN:182,(anonymous_17)
FN:182,(anonymous_18)
FN:185,(anonymous_19)
FN:187,(anonymous_20)
FNF:21
FNH:0
FNDA:0,(anonymous_0)
FNDA:0,(anonymous_1)
FNDA:0,(anonymous_2)
FNDA:0,(anonymous_3)
FNDA:0,(anonymous_4)
FNDA:0,(anonymous_5)
FNDA:0,(anonymous_6)
FNDA:0,(anonymous_7)
FNDA:0,(anonymous_8)
FNDA:0,(anonymous_9)
FNDA:0,(anonymous_10)
FNDA:0,(anonymous_11)
FNDA:0,(anonymous_12)
FNDA:0,(anonymous_13)
FNDA:0,(anonymous_14)
FNDA:0,(anonymous_15)
FNDA:0,(anonymous_16)
FNDA:0,(anonymous_17)
FNDA:0,(anonymous_18)
FNDA:0,(anonymous_19)
FNDA:0,(anonymous_20)
DA:10,0
DA:11,0
DA:20,0
DA:21,0
DA:22,0
DA:26,0
DA:28,0
DA:31,0
DA:34,0
DA:35,0
DA:38,0
DA:40,0
DA:47,0
DA:53,0
DA:54,0
DA:55,0
DA:57,0
DA:58,0
DA:60,0
DA:61,0
DA:63,0
DA:64,0
DA:66,0
DA:70,0
DA:76,0
DA:82,0
DA:83,0
DA:84,0
DA:86,0
DA:87,0
DA:93,0
DA:94,0
DA:95,0
DA:104,0
DA:105,0
DA:119,0
DA:182,0
DA:186,0
DA:187,0
LF:39
LH:0
BRDA:34,0,0,0
BRDA:34,0,1,0
BRDA:54,1,0,0
BRDA:54,1,1,0
BRDA:57,2,0,0
BRDA:57,2,1,0
BRDA:60,3,0,0
BRDA:60,3,1,0
BRDA:63,4,0,0
BRDA:63,4,1,0
BRDA:82,5,0,0
BRDA:82,5,1,0
BRDA:95,6,0,0
BRDA:95,6,1,0
BRDA:134,7,0,0
BRDA:134,7,1,0
BRDA:135,8,0,0
BRDA:135,8,1,0
BRDA:146,9,0,0
BRDA:146,9,1,0
BRDA:147,10,0,0
BRDA:147,10,1,0
BRDA:158,11,0,0
BRDA:158,11,1,0
BRDA:159,12,0,0
BRDA:159,12,1,0
BRDA:170,13,0,0
BRDA:170,13,1,0
BRDA:171,14,0,0
BRDA:171,14,1,0
BRF:30
BRH:0
end_of_record
TN:
SF:src\components\ListEmployeesComponent.jsx
FN:9,(anonymous_0)
FN:24,(anonymous_1)
FN:36,(anonymous_2)
FN:38,(anonymous_3)
FN:45,(anonymous_4)
FN:48,(anonymous_5)
FN:53,(anonymous_6)
FN:54,(anonymous_7)
FN:61,(anonymous_8)
FN:69,(anonymous_9)
FN:71,(anonymous_10)
FN:75,(anonymous_11)
FN:83,(anonymous_12)
FN:84,(anonymous_13)
FN:86,(anonymous_14)
FN:90,(anonymous_15)
FN:94,(anonymous_16)
FN:97,(anonymous_17)
FN:104,(anonymous_18)
FN:113,(anonymous_19)
FN:117,(anonymous_20)
FN:135,(anonymous_21)
FN:141,(anonymous_22)
FN:149,(anonymous_23)
FN:170,(anonymous_24)
FN:187,(anonymous_25)
FN:204,(anonymous_26)
FN:235,(anonymous_27)
FN:246,(anonymous_28)
FN:248,(anonymous_29)
FNF:30
FNH:23
FNDA:36,(anonymous_0)
FNDA:6,(anonymous_1)
FNDA:14,(anonymous_2)
FNDA:13,(anonymous_3)
FNDA:1,(anonymous_4)
FNDA:2,(anonymous_5)
FNDA:1,(anonymous_6)
FNDA:2,(anonymous_7)
FNDA:0,(anonymous_8)
FNDA:7,(anonymous_9)
FNDA:7,(anonymous_10)
FNDA:0,(anonymous_11)
FNDA:7,(anonymous_12)
FNDA:13,(anonymous_13)
FNDA:19,(anonymous_14)
FNDA:1,(anonymous_15)
FNDA:1,(anonymous_16)
FNDA:1,(anonymous_17)
FNDA:0,(anonymous_18)
FNDA:0,(anonymous_19)
FNDA:0,(anonymous_20)
FNDA:49,(anonymous_21)
FNDA:1,(anonymous_22)
FNDA:1,(anonymous_23)
FNDA:1,(anonymous_24)
FNDA:5,(anonymous_25)
FNDA:1,(anonymous_26)
FNDA:0,(anonymous_27)
FNDA:0,(anonymous_28)
FNDA:1,(anonymous_29)
DA:9,1
DA:10,36
DA:11,35
DA:12,35
DA:13,35
DA:14,35
DA:15,35
DA:16,35
DA:17,35
DA:18,35
DA:19,35
DA:20,35
DA:21,35
DA:22,35
DA:24,35
DA:25,6
DA:26,6
DA:27,6
DA:28,0
DA:29,0
DA:30,0
DA:31,0
DA:33,6
DA:36,35
DA:37,14
DA:38,13
DA:42,35
DA:43,35
DA:45,35
DA:46,1
DA:48,1
DA:49,2
DA:52,1
DA:54,2
DA:55,1
DA:56,1
DA:57,1
DA:58,1
DA:59,1
DA:62,0
DA:63,0
DA:64,0
DA:65,0
DA:69,35
DA:70,7
DA:72,7
DA:73,7
DA:76,0
DA:77,0
DA:78,0
DA:79,0
DA:83,35
DA:84,13
DA:86,19
DA:90,35
DA:91,1
DA:94,35
DA:95,1
DA:96,1
DA:98,1
DA:99,1
DA:100,1
DA:101,1
DA:102,1
DA:105,0
DA:106,0
DA:107,0
DA:108,0
DA:113,35
DA:114,0
DA:117,35
DA:118,0
DA:119,0
DA:121,0
DA:124,35
DA:136,49
DA:141,1
DA:150,1
DA:151,1
DA:162,35
DA:170,1
DA:188,5
DA:205,1
DA:235,0
DA:246,0
DA:249,1
DA:250,1
LF:87
LH:65
BRDA:27,0,0,0
BRDA:27,0,1,6
BRDA:95,1,0,1
BRDA:95,1,1,0
BRDA:118,2,0,0
BRDA:118,2,1,0
BRDA:142,3,0,49
BRDA:142,3,1,0
BRDA:153,4,0,49
BRDA:153,4,1,0
BRDA:198,5,0,35
BRDA:198,5,1,6
BRDA:207,6,0,35
BRDA:207,6,1,8
BRDA:207,6,2,0
BRF:15
BRH:8
end_of_record
TN:
SF:src\components\ListProjectsComponent.jsx
FN:9,(anonymous_0)
FN:24,(anonymous_1)
FN:36,(anonymous_2)
FN:38,(anonymous_3)
FN:45,(anonymous_4)
FN:48,(anonymous_5)
FN:53,(anonymous_6)
FN:54,(anonymous_7)
FN:61,(anonymous_8)
FN:69,(anonymous_9)
FN:71,(anonymous_10)
FN:75,(anonymous_11)
FN:83,(anonymous_12)
FN:84,(anonymous_13)
FN:86,(anonymous_14)
FN:90,(anonymous_15)
FN:94,(anonymous_16)
FN:97,(anonymous_17)
FN:104,(anonymous_18)
FN:113,(anonymous_19)
FN:117,(anonymous_20)
FN:133,(anonymous_21)
FN:139,(anonymous_22)
FN:147,(anonymous_23)
FN:168,(anonymous_24)
FN:185,(anonymous_25)
FN:202,(anonymous_26)
FN:231,(anonymous_27)
FN:242,(anonymous_28)
FN:244,(anonymous_29)
FNF:30
FNH:23
FNDA:36,(anonymous_0)
FNDA:6,(anonymous_1)
FNDA:14,(anonymous_2)
FNDA:13,(anonymous_3)
FNDA:1,(anonymous_4)
FNDA:2,(anonymous_5)
FNDA:1,(anonymous_6)
FNDA:2,(anonymous_7)
FNDA:0,(anonymous_8)
FNDA:7,(anonymous_9)
FNDA:7,(anonymous_10)
FNDA:0,(anonymous_11)
FNDA:7,(anonymous_12)
FNDA:13,(anonymous_13)
FNDA:19,(anonymous_14)
FNDA:1,(anonymous_15)
FNDA:1,(anonymous_16)
FNDA:1,(anonymous_17)
FNDA:0,(anonymous_18)
FNDA:0,(anonymous_19)
FNDA:0,(anonymous_20)
FNDA:49,(anonymous_21)
FNDA:1,(anonymous_22)
FNDA:1,(anonymous_23)
FNDA:1,(anonymous_24)
FNDA:5,(anonymous_25)
FNDA:1,(anonymous_26)
FNDA:0,(anonymous_27)
FNDA:0,(anonymous_28)
FNDA:1,(anonymous_29)
DA:9,1
DA:10,36
DA:11,35
DA:12,35
DA:13,35
DA:14,35
DA:15,35
DA:16,35
DA:17,35
DA:18,35
DA:19,35
DA:20,35
DA:21,35
DA:22,35
DA:24,35
DA:25,6
DA:26,6
DA:27,6
DA:28,0
DA:29,0
DA:30,0
DA:31,0
DA:33,6
DA:36,35
DA:37,14
DA:38,13
DA:42,35
DA:43,35
DA:45,35
DA:46,1
DA:48,1
DA:49,2
DA:52,1
DA:54,2
DA:55,1
DA:56,1
DA:57,1
DA:58,1
DA:59,1
DA:62,0
DA:63,0
DA:64,0
DA:65,0
DA:69,35
DA:70,7
DA:72,7
DA:73,7
DA:76,0
DA:77,0
DA:78,0
DA:79,0
DA:83,35
DA:84,13
DA:86,19
DA:90,35
DA:91,1
DA:94,35
DA:95,1
DA:96,1
DA:98,1
DA:99,1
DA:100,1
DA:101,1
DA:102,1
DA:105,0
DA:106,0
DA:107,0
DA:108,0
DA:113,35
DA:114,0
DA:117,35
DA:118,0
DA:119,0
DA:121,0
DA:124,35
DA:134,49
DA:139,1
DA:148,1
DA:149,1
DA:160,35
DA:168,1
DA:186,5
DA:202,1
DA:231,0
DA:242,0
DA:245,1
DA:246,1
LF:87
LH:65
BRDA:27,0,0,0
BRDA:27,0,1,6
BRDA:95,1,0,1
BRDA:95,1,1,0
BRDA:118,2,0,0
BRDA:118,2,1,0
BRDA:140,3,0,49
BRDA:140,3,1,0
BRDA:151,4,0,49
BRDA:151,4,1,0
BRDA:196,5,0,35
BRDA:196,5,1,6
BRDA:203,6,0,35
BRDA:203,6,1,8
BRDA:203,6,2,0
BRF:15
BRH:8
end_of_record
TN:
SF:src\components\LoginComponent.jsx
FN:9,(anonymous_0)
FN:23,(anonymous_1)
FN:29,(anonymous_2)
FN:33,(anonymous_3)
FN:36,(anonymous_4)
FN:41,(anonymous_5)
FN:49,(anonymous_6)
FN:92,(anonymous_7)
FN:98,(anonymous_8)
FNF:9
FNH:9
FNDA:5,(anonymous_0)
FNDA:2,(anonymous_1)
FNDA:1,(anonymous_2)
FNDA:2,(anonymous_3)
FNDA:1,(anonymous_4)
FNDA:1,(anonymous_5)
FNDA:9,(anonymous_6)
FNDA:9,(anonymous_7)
FNDA:2,(anonymous_8)
DA:10,5
DA:12,5
DA:18,5
DA:19,5
DA:20,5
DA:24,2
DA:30,1
DA:34,2
DA:37,1
DA:38,1
DA:39,1
DA:40,1
DA:42,1
DA:43,1
DA:44,1
DA:45,1
DA:50,9
DA:93,9
DA:98,2
LF:19
LH:19
BRDA:68,0,0,9
BRDA:68,0,1,1
BRDA:69,1,0,9
BRDA:69,1,1,1
BRF:4
BRH:4
end_of_record
TN:
SF:src\components\LogoutComponent.jsx
FN:5,(anonymous_0)
FNF:1
FNH:1
FNDA:1,(anonymous_0)
DA:6,1
LF:1
LH:1
BRF:0
BRH:0
end_of_record
TN:
SF:src\components\MenuComponent.jsx
FN:29,(anonymous_0)
FN:30,(anonymous_1)
FN:40,(anonymous_2)
FN:54,(anonymous_3)
FN:55,(anonymous_4)
FN:62,(anonymous_5)
FN:75,(anonymous_6)
FN:83,PersistentDrawerLeft
FN:88,(anonymous_8)
FN:92,(anonymous_9)
FN:134,(anonymous_10)
FNF:11
FNH:11
FNDA:15,(anonymous_0)
FNDA:7,(anonymous_1)
FNDA:7,(anonymous_2)
FNDA:22,(anonymous_3)
FNDA:7,(anonymous_4)
FNDA:7,(anonymous_5)
FNDA:14,(anonymous_6)
FNDA:7,PersistentDrawerLeft
FNDA:1,(anonymous_8)
FNDA:1,(anonymous_9)
FNDA:1,(anonymous_10)
DA:27,1
DA:29,15
DA:30,7
DA:40,7
DA:53,1
DA:54,22
DA:55,7
DA:62,7
DA:75,14
DA:84,7
DA:85,7
DA:86,7
DA:88,7
DA:89,1
DA:92,7
DA:93,1
DA:96,7
DA:134,1
LF:18
LH:18
BRDA:110,0,0,7
BRDA:110,0,1,1
BRDA:119,1,0,7
BRDA:119,1,1,5
BRDA:129,2,0,7
BRDA:129,2,1,2
BRDA:158,3,0,7
BRDA:158,3,1,0
BRF:8
BRH:7
end_of_record
TN:
SF:src\components\MyProvider.jsx
FN:9,(anonymous_0)
FN:14,(anonymous_1)
FN:18,(anonymous_2)
FNF:3
FNH:0
FNDA:0,(anonymous_0)
FNDA:0,(anonymous_1)
FNDA:0,(anonymous_2)
DA:4,2
DA:7,0
DA:10,0
DA:11,0
DA:15,0
DA:18,0
LF:6
LH:1
BRF:0
BRH:0
end_of_record
TN:
SF:src\components\ProjectComponent.jsx
FN:9,(anonymous_0)
FN:23,(anonymous_1)
FN:25,(anonymous_2)
FN:28,(anonymous_3)
FN:37,(anonymous_4)
FN:42,(anonymous_5)
FN:47,(anonymous_6)
FN:58,(anonymous_7)
FN:63,(anonymous_8)
FN:73,(anonymous_9)
FN:76,(anonymous_10)
FN:80,(anonymous_11)
FN:83,(anonymous_12)
FN:83,(anonymous_13)
FN:83,(anonymous_14)
FN:93,(anonymous_15)
FN:108,(anonymous_16)
FN:147,(anonymous_17)
FN:149,(anonymous_18)
FN:149,(anonymous_19)
FN:151,(anonymous_20)
FN:153,(anonymous_21)
FNF:22
FNH:9
FNDA:5,(anonymous_0)
FNDA:4,(anonymous_1)
FNDA:4,(anonymous_2)
FNDA:0,(anonymous_3)
FNDA:0,(anonymous_4)
FNDA:0,(anonymous_5)
FNDA:4,(anonymous_6)
FNDA:1,(anonymous_7)
FNDA:0,(anonymous_8)
FNDA:1,(anonymous_9)
FNDA:0,(anonymous_10)
FNDA:0,(anonymous_11)
FNDA:0,(anonymous_12)
FNDA:0,(anonymous_13)
FNDA:0,(anonymous_14)
FNDA:8,(anonymous_15)
FNDA:16,(anonymous_16)
FNDA:0,(anonymous_17)
FNDA:0,(anonymous_18)
FNDA:0,(anonymous_19)
FNDA:8,(anonymous_20)
FNDA:0,(anonymous_21)
DA:10,5
DA:11,4
DA:18,4
DA:19,4
DA:20,4
DA:24,4
DA:26,4
DA:29,0
DA:31,4
DA:32,4
DA:36,0
DA:38,0
DA:43,0
DA:48,4
DA:49,4
DA:50,1
DA:52,4
DA:53,2
DA:55,4
DA:59,1
DA:63,0
DA:71,1
DA:72,1
DA:73,1
DA:75,0
DA:76,0
DA:81,0
DA:82,0
DA:83,0
DA:94,8
DA:95,8
DA:109,16
DA:147,0
DA:149,0
DA:152,8
DA:153,0
LF:36
LH:23
BRDA:31,0,0,4
BRDA:31,0,1,0
BRDA:49,1,0,1
BRDA:49,1,1,3
BRDA:52,2,0,2
BRDA:52,2,1,2
BRDA:71,3,0,1
BRDA:71,3,1,0
BRDA:83,4,0,0
BRDA:83,4,1,0
BRDA:124,5,0,16
BRDA:124,5,1,4
BRDA:125,6,0,16
BRDA:125,6,1,4
BRDA:136,7,0,16
BRDA:136,7,1,4
BRDA:137,8,0,16
BRDA:137,8,1,4
BRF:18
BRH:14
end_of_record
TN:
SF:src\components\RegisterComponent.jsx
FN:8,(anonymous_0)
FN:15,(anonymous_1)
FN:46,(anonymous_2)
FN:81,(anonymous_3)
FN:90,(anonymous_4)
FN:100,(anonymous_5)
FN:102,(anonymous_6)
FNF:7
FNH:7
FNDA:21,(anonymous_0)
FNDA:5,(anonymous_1)
FNDA:2,(anonymous_2)
FNDA:4,(anonymous_3)
FNDA:4,(anonymous_4)
FNDA:6,(anonymous_5)
FNDA:6,(anonymous_6)
DA:8,1
DA:9,21
DA:10,21
DA:11,21
DA:12,21
DA:13,21
DA:15,21
DA:16,5
DA:17,1
DA:18,1
DA:19,1
DA:21,4
DA:22,1
DA:23,1
DA:24,1
DA:26,3
DA:27,1
DA:28,1
DA:29,1
DA:32,2
DA:33,2
DA:38,1
DA:39,1
DA:41,1
DA:42,1
DA:46,21
DA:49,2
DA:50,2
DA:55,21
DA:81,4
DA:90,4
DA:101,6
DA:103,6
LF:33
LH:33
BRDA:16,0,0,1
BRDA:16,0,1,4
BRDA:21,1,0,1
BRDA:21,1,1,3
BRDA:26,2,0,1
BRDA:26,2,1,2
BRDA:51,3,0,0
BRDA:51,3,1,2
BRDA:73,4,0,21
BRDA:73,4,1,4
BRDA:74,5,0,21
BRDA:74,5,1,1
BRF:12
BRH:11
end_of_record
TN:
SF:src\components\withRouter.jsx
FN:4,(anonymous_0)
FN:5,(anonymous_1)
FNF:2
FNH:2
FNDA:3,(anonymous_0)
FNDA:8,(anonymous_1)
DA:4,3
DA:5,3
DA:6,8
DA:7,7
DA:8,7
LF:5
LH:5
BRF:0
BRH:0
end_of_record
TN:
SF:src\service\AuthenticationService.jsx
FN:9,(anonymous_0)
FN:14,(anonymous_1)
FN:22,(anonymous_2)
FN:28,(anonymous_3)
FN:39,(anonymous_4)
FN:44,(anonymous_5)
FN:48,(anonymous_6)
FN:50,(anonymous_7)
FN:57,(anonymous_8)
FN:62,(anonymous_9)
FN:63,(anonymous_10)
FNF:11
FNH:0
FNDA:0,(anonymous_0)
FNDA:0,(anonymous_1)
FNDA:0,(anonymous_2)
FNDA:0,(anonymous_3)
FNDA:0,(anonymous_4)
FNDA:0,(anonymous_5)
FNDA:0,(anonymous_6)
FNDA:0,(anonymous_7)
FNDA:0,(anonymous_8)
FNDA:0,(anonymous_9)
FNDA:0,(anonymous_10)
DA:2,3
DA:4,3
DA:5,3
DA:10,0
DA:11,0
DA:12,0
DA:13,0
DA:15,0
DA:16,0
DA:17,0
DA:18,0
DA:23,0
DA:24,0
DA:25,0
DA:29,0
DA:30,0
DA:31,0
DA:32,0
DA:33,0
DA:35,0
DA:40,0
DA:41,0
DA:45,0
DA:49,0
DA:51,0
DA:52,0
DA:53,0
DA:54,0
DA:58,0
DA:63,0
DA:64,0
DA:65,0
DA:66,0
DA:68,0
LF:34
LH:3
BRDA:41,0,0,0
BRDA:41,0,1,0
BRDA:53,1,0,0
BRDA:53,1,1,0
BRDA:53,2,0,0
BRDA:53,2,1,0
BRDA:65,3,0,0
BRDA:65,3,1,0
BRF:8
BRH:0
end_of_record
TN:
SF:src\service\EmployeeDataService.jsx
FN:7,(anonymous_0)
FN:11,(anonymous_1)
FN:15,(anonymous_2)
FN:19,(anonymous_3)
FN:23,(anonymous_4)
FNF:5
FNH:0
FNDA:0,(anonymous_0)
FNDA:0,(anonymous_1)
FNDA:0,(anonymous_2)
FNDA:0,(anonymous_3)
FNDA:0,(anonymous_4)
DA:3,2
DA:8,0
DA:12,0
DA:16,0
DA:20,0
DA:24,0
LF:6
LH:1
BRF:0
BRH:0
end_of_record
TN:
SF:src\service\ProjectDataService.jsx
FN:6,(anonymous_0)
FN:7,(anonymous_1)
FN:13,(anonymous_2)
FN:17,(anonymous_3)
FN:21,(anonymous_4)
FN:25,(anonymous_5)
FNF:6
FNH:0
FNDA:0,(anonymous_0)
FNDA:0,(anonymous_1)
FNDA:0,(anonymous_2)
FNDA:0,(anonymous_3)
FNDA:0,(anonymous_4)
FNDA:0,(anonymous_5)
DA:3,2
DA:7,0
DA:8,0
DA:9,0
DA:14,0
DA:18,0
DA:22,0
DA:26,0
LF:8
LH:1
BRF:0
BRH:0
end_of_record
